#
# There is insufficient memory for the Java Runtime Environment to continue.
# Native memory allocation (mmap) failed to map 65011712 bytes for G1 virtual space
# Possible reasons:
#   The system is out of physical RAM or swap space
#   The process is running with CompressedOops enabled, and the Java Heap may be blocking the growth of the native heap
# Possible solutions:
#   Reduce memory load on the system
#   Increase physical memory or swap space
#   Check if swap backing store is full
#   Decrease Java heap size (-Xmx/-Xms)
#   Decrease number of Java threads
#   Decrease Java thread stack sizes (-Xss)
#   Set larger code cache with -XX:ReservedCodeCacheSize=
#   JVM is running with Unscaled Compressed Oops mode in which the Java heap is
#     placed in the first 4GB address space. The Java Heap base address is the
#     maximum limit for the native heap growth. Please use -XX:HeapBaseMinAddress
#     to set the Java Heap base and to place the Java Heap above 4GB virtual address.
# This output file may be truncated or incomplete.
#
#  Out of Memory Error (os_windows.cpp:3527), pid=12816, tid=16520
#
# JRE version:  (19.0.1+10) (build )
# Java VM: Java HotSpot(TM) 64-Bit Server VM (19.0.1+10-21, mixed mode, sharing, tiered, compressed oops, compressed class ptrs, g1 gc, windows-amd64)
# No core dump will be written. Minidumps are not enabled by default on client versions of Windows
#

---------------  S U M M A R Y ------------

Command Line: -Dnet.bytebuddy.agent.attacher.dump= net.bytebuddy.agent.Attacher com.sun.tools.attach.VirtualMachine 16148 C:\Users\Mariel\.m2\repository\net\bytebuddy\byte-buddy-agent\1.14.12\byte-buddy-agent-1.14.12.jar false 

Host: Intel(R) Core(TM) i3-1005G1 CPU @ 1.20GHz, 4 cores, 3G,  Windows 11 , 64 bit Build 22621 (10.0.22621.3235)
Time: Fri Mar 22 10:14:44 2024 Hora oficial do Brasil elapsed time: 0.024636 seconds (0d 0h 0m 0s)

---------------  T H R E A D  ---------------

Current thread (0x0000023cc161bfe0):  JavaThread "Unknown thread" [_thread_in_vm, id=16520, stack(0x00000047b3500000,0x00000047b3600000)]

Stack: [0x00000047b3500000,0x00000047b3600000]
Native frames: (J=compiled Java code, j=interpreted, Vv=VM code, C=native code)
V  [jvm.dll+0x6ee8fa]
V  [jvm.dll+0x857a1e]
V  [jvm.dll+0x85940e]
V  [jvm.dll+0x859ac3]
V  [jvm.dll+0x28291f]
V  [jvm.dll+0x6eb6e9]
V  [jvm.dll+0x6e028a]
V  [jvm.dll+0x357136]
V  [jvm.dll+0x35eb96]
V  [jvm.dll+0x3b555e]
V  [jvm.dll+0x3b578f]
V  [jvm.dll+0x32c6ea]
V  [jvm.dll+0x32d59e]
V  [jvm.dll+0x821b20]
V  [jvm.dll+0x3c27c1]
V  [jvm.dll+0x8022f1]
V  [jvm.dll+0x44b30f]
V  [jvm.dll+0x44cc91]
C  [jli.dll+0x5287]
C  [ucrtbase.dll+0x29363]
C  [KERNEL32.DLL+0x1257d]
C  [ntdll.dll+0x5aa58]


---------------  P R O C E S S  ---------------

Threads class SMR info:
_java_thread_list=0x00007ffb76d5d048, length=0, elements={
}

Java Threads: ( => current thread )

Other Threads:
  0x0000023cc1659f70 WorkerThread "GC Thread#0" [stack: 0x00000047b3600000,0x00000047b3700000] [id=11296]
  0x0000023cc1662840 ConcurrentGCThread "G1 Main Marker" [stack: 0x00000047b3700000,0x00000047b3800000] [id=15472]
  0x0000023cc1663cf0 WorkerThread "G1 Conc#0" [stack: 0x00000047b3800000,0x00000047b3900000] [id=16648]

[error occurred during error reporting (printing all threads), id 0xc0000005, EXCEPTION_ACCESS_VIOLATION (0xc0000005) at pc=0x00007ffb7651d127]

VM state: not at safepoint (not fully initialized)

VM Mutex/Monitor currently owned by a thread:  ([mutex/lock_event])
[0x0000023cc161ae60] Heap_lock - owner thread: 0x0000023cc161bfe0

Heap address: 0x00000000c3a00000, size: 966 MB, Compressed Oops mode: 32-bit

CDS archive(s) mapped at: [0x0000000000000000-0x0000000000000000-0x0000000000000000), size 0, SharedBaseAddress: 0x0000000800000000, ArchiveRelocationMode: 0.
Narrow klass base: 0x0000000000000000, Narrow klass shift: 0, Narrow klass range: 0x0

GC Precious Log:
 CardTable entry size: 512
 Card Set container configuration: InlinePtr #cards 5 size 8 Array Of Cards #cards 12 size 40 Howl #buckets 4 coarsen threshold 1843 Howl Bitmap #cards 512 size 80 coarsen threshold 460 Card regions per heap region 1 cards per card region 2048

Heap:
 garbage-first heap   total 0K, used 0K [0x00000000c3a00000, 0x0000000100000000)
  region size 1024K, 0 young (0K), 0 survivors (0K)

[error occurred during error reporting (printing heap information), id 0xc0000005, EXCEPTION_ACCESS_VIOLATION (0xc0000005) at pc=0x00007ffb76926959]

GC Heap History (0 events):
No events

Dll operation events (1 events):
Event: 0.014 Loaded shared library C:\Program Files\Java\jdk-19.0.1\bin\java.dll

Deoptimization events (0 events):
No events

Classes loaded (0 events):
No events

Classes unloaded (0 events):
No events

Classes redefined (0 events):
No events

Internal exceptions (0 events):
No events

VM Operations (0 events):
No events

Events (0 events):
No events


Dynamic libraries:
0x00007ff70c9e0000 - 0x00007ff70c9f0000 	C:\Program Files\Java\jdk-19.0.1\bin\java.exe
0x00007ffbc6890000 - 0x00007ffbc6aa6000 	C:\WINDOWS\SYSTEM32\ntdll.dll
0x00007ffbc5a50000 - 0x00007ffbc5b14000 	C:\WINDOWS\System32\KERNEL32.DLL
0x00007ffbc3cf0000 - 0x00007ffbc4096000 	C:\WINDOWS\System32\KERNELBASE.dll
0x0000000073750000 - 0x0000000073a82000 	C:\Program Files\Norton Security\NortonData\22.22.4.11\Definitions\IPSDefs\20240321.064\IPSEng64.dll
0x00007ffbc49b0000 - 0x00007ffbc4a62000 	C:\WINDOWS\System32\ADVAPI32.dll
0x00007ffbc61d0000 - 0x00007ffbc6277000 	C:\WINDOWS\System32\msvcrt.dll
0x00007ffbc67a0000 - 0x00007ffbc6848000 	C:\WINDOWS\System32\sechost.dll
0x00007ffbc40a0000 - 0x00007ffbc40c8000 	C:\WINDOWS\System32\bcrypt.dll
0x00007ffbc56f0000 - 0x00007ffbc5805000 	C:\WINDOWS\System32\RPCRT4.dll
0x00007ffbc5ba0000 - 0x00007ffbc5ba8000 	C:\WINDOWS\System32\PSAPI.DLL
0x00007ffbc43a0000 - 0x00007ffbc44b1000 	C:\WINDOWS\System32\ucrtbase.dll
0x00007ffbbcee0000 - 0x00007ffbbcef8000 	C:\Program Files\Java\jdk-19.0.1\bin\jli.dll
0x00007ffbb3c10000 - 0x00007ffbb3c2b000 	C:\Program Files\Java\jdk-19.0.1\bin\VCRUNTIME140.dll
0x00007ffbc6490000 - 0x00007ffbc663d000 	C:\WINDOWS\System32\USER32.dll
0x00007ffbc4300000 - 0x00007ffbc4326000 	C:\WINDOWS\System32\win32u.dll
0x00007ffbc5a10000 - 0x00007ffbc5a39000 	C:\WINDOWS\System32\GDI32.dll
0x00007ffbb30b0000 - 0x00007ffbb3343000 	C:\WINDOWS\WinSxS\amd64_microsoft.windows.common-controls_6595b64144ccf1df_6.0.22621.3235_none_270f74e173860f98\COMCTL32.dll
0x00007ffbc3bd0000 - 0x00007ffbc3ce8000 	C:\WINDOWS\System32\gdi32full.dll
0x00007ffbc44c0000 - 0x00007ffbc455a000 	C:\WINDOWS\System32\msvcp_win.dll
0x00007ffbb9b00000 - 0x00007ffbb9b0a000 	C:\WINDOWS\SYSTEM32\VERSION.dll
0x00007ffbc4970000 - 0x00007ffbc49a1000 	C:\WINDOWS\System32\IMM32.DLL
0x00007ffbc05a0000 - 0x00007ffbc05ac000 	C:\Program Files\Java\jdk-19.0.1\bin\vcruntime140_1.dll
0x00007ffb88bb0000 - 0x00007ffb88c3e000 	C:\Program Files\Java\jdk-19.0.1\bin\msvcp140.dll
0x00007ffb761e0000 - 0x00007ffb76ea0000 	C:\Program Files\Java\jdk-19.0.1\bin\server\jvm.dll
0x00007ffbb9e50000 - 0x00007ffbb9e84000 	C:\WINDOWS\SYSTEM32\WINMM.dll
0x00007ffbb1400000 - 0x00007ffbb1409000 	C:\WINDOWS\SYSTEM32\WSOCK32.dll
0x00007ffbc5b20000 - 0x00007ffbc5b91000 	C:\WINDOWS\System32\WS2_32.dll
0x00007ffbc2c10000 - 0x00007ffbc2c28000 	C:\WINDOWS\SYSTEM32\kernel.appcore.dll
0x00007ffbb53e0000 - 0x00007ffbb53ea000 	C:\Program Files\Java\jdk-19.0.1\bin\jimage.dll
0x00007ffbc14f0000 - 0x00007ffbc1723000 	C:\WINDOWS\SYSTEM32\DBGHELP.DLL
0x00007ffbc45e0000 - 0x00007ffbc4968000 	C:\WINDOWS\System32\combase.dll
0x00007ffbc5bd0000 - 0x00007ffbc5ca7000 	C:\WINDOWS\System32\OLEAUT32.dll
0x00007ffb9f8b0000 - 0x00007ffb9f8e2000 	C:\WINDOWS\SYSTEM32\dbgcore.DLL
0x00007ffbc4560000 - 0x00007ffbc45da000 	C:\WINDOWS\System32\bcryptPrimitives.dll
0x00007ffbb3be0000 - 0x00007ffbb3c06000 	C:\Program Files\Java\jdk-19.0.1\bin\java.dll

dbghelp: loaded successfully - version: 4.0.5 - missing functions: none
symbol engine: initialized successfully - sym options: 0x614 - pdb path: .;C:\Program Files\Java\jdk-19.0.1\bin;C:\WINDOWS\SYSTEM32;C:\Program Files\Norton Security\NortonData\22.22.4.11\Definitions\IPSDefs\20240321.064;C:\WINDOWS\WinSxS\amd64_microsoft.windows.common-controls_6595b64144ccf1df_6.0.22621.3235_none_270f74e173860f98;C:\Program Files\Java\jdk-19.0.1\bin\server

VM Arguments:
jvm_args: -Dnet.bytebuddy.agent.attacher.dump= 
java_command: net.bytebuddy.agent.Attacher com.sun.tools.attach.VirtualMachine 16148 C:\Users\Mariel\.m2\repository\net\bytebuddy\byte-buddy-agent\1.14.12\byte-buddy-agent-1.14.12.jar false 
java_class_path (initial): C:\Users\Mariel\.m2\repository\net\bytebuddy\byte-buddy-agent\1.14.12\byte-buddy-agent-1.14.12.jar
Launcher Type: SUN_STANDARD

[Global flags]
     intx CICompilerCount                          = 3                                         {product} {ergonomic}
     uint ConcGCThreads                            = 1                                         {product} {ergonomic}
     uint G1ConcRefinementThreads                  = 4                                         {product} {ergonomic}
   size_t G1HeapRegionSize                         = 1048576                                   {product} {ergonomic}
    uintx GCDrainStackTargetSize                   = 64                                        {product} {ergonomic}
   size_t InitialHeapSize                          = 65011712                                  {product} {ergonomic}
   size_t MarkStackSize                            = 4194304                                   {product} {ergonomic}
   size_t MaxHeapSize                              = 1012924416                                {product} {ergonomic}
   size_t MinHeapDeltaBytes                        = 1048576                                   {product} {ergonomic}
   size_t MinHeapSize                              = 8388608                                   {product} {ergonomic}
    uintx NonNMethodCodeHeapSize                   = 5832780                                {pd product} {ergonomic}
    uintx NonProfiledCodeHeapSize                  = 122912730                              {pd product} {ergonomic}
    uintx ProfiledCodeHeapSize                     = 122912730                              {pd product} {ergonomic}
    uintx ReservedCodeCacheSize                    = 251658240                              {pd product} {ergonomic}
     bool SegmentedCodeCache                       = true                                      {product} {ergonomic}
   size_t SoftMaxHeapSize                          = 1012924416                             {manageable} {ergonomic}
     bool UseCompressedClassPointers               = true                           {product lp64_product} {ergonomic}
     bool UseCompressedOops                        = true                           {product lp64_product} {ergonomic}
     bool UseG1GC                                  = true                                      {product} {ergonomic}
     bool UseLargePagesIndividualAllocation        = false                                  {pd product} {ergonomic}

Logging:
Log output configuration:
 #0: stdout all=warning uptime,level,tags foldmultilines=false
 #1: stderr all=off uptime,level,tags foldmultilines=false

Environment Variables:
PATH=C:\Program Files\Common Files\Oracle\Java\javapath;C:\WINDOWS\system32;C:\WINDOWS;C:\WINDOWS\System32\Wbem;C:\WINDOWS\System32\WindowsPowerShell\v1.0\;C:\WINDOWS\System32\OpenSSH\;C:\Users\Mariel\eclipse;C:\Users\Mariel\eclipse\java-2022-12\eclipse;C:\Program Files\Java\jdk-17.0.5\bin;C:\Program Files\Dell\apache-maven-3.9.5\bin;C:\Program Files\nodejs;C:\Program Files\Git\cmd;C:\Program Files\Common Files\Oracle\Java\javapath;C:\WINDOWS\system32;C:\WINDOWS;C:\WINDOWS\System32\Wbem;C:\WINDOWS\System32\WindowsPowerShell\v1.0\;C:\WINDOWS\System32\OpenSSH\;C:\Users\Mariel\eclipse;C:\Users\Mariel\eclipse\java-2022-12\eclipse;C:\Program Files\Java\jdk-17.0.5\bin;C:\Program Files\Dell\apache-maven-3.9.5\bin;C:\Program Files\Git\cmd;C:\Program Files\MySQL\MySQL Shell 8.0\bin\;C:\Users\Mariel\AppData\Local\Microsoft\WindowsApps;C:\Program Files\Java\jdk-19\bin;C:\Users\Mariel\eclipse\java-2022-12\eclipse;C:\Users\Mariel\AppData\Local\Programs\Microsoft VS Code\bin;C:\Program Files\Git\bin;C:\Users\Mariel\AppData\Roaming\npm;C:\Program Files\MySQL\MySQL Server 8.0\bin;
USERNAME=Mariel
OS=Windows_NT
PROCESSOR_IDENTIFIER=Intel64 Family 6 Model 126 Stepping 5, GenuineIntel
TMP=C:\Users\Mariel\AppData\Local\Temp
TEMP=C:\Users\Mariel\AppData\Local\Temp



---------------  S Y S T E M  ---------------

OS:
 Windows 11 , 64 bit Build 22621 (10.0.22621.3235)
OS uptime: 0 days 16:36 hours

CPU: total 4 (initial active 4) (2 cores per cpu, 2 threads per core) family 6 model 126 stepping 5 microcode 0xc2, cx8, cmov, fxsr, ht, mmx, 3dnowpref, sse, sse2, sse3, ssse3, sse4.1, sse4.2, popcnt, lzcnt, tsc, tscinvbit, avx, avx2, aes, erms, clmul, bmi1, bmi2, adx, avx512f, avx512dq, avx512cd, avx512bw, avx512vl, sha, fma, vzeroupper, avx512_vpopcntdq, avx512_vpclmulqdq, avx512_vaes, avx512_vnni, clflush, clflushopt, avx512_vbmi2, avx512_vbmi, rdtscp, rdpid, fsrm, gfni, avx512_bitalg

Memory: 4k page, system-wide physical 3863M (124M free)
TotalPageFile size 15639M (AvailPageFile size 20M)
current process WorkingSet (physical memory assigned to process): 11M, peak: 11M
current process commit charge ("private bytes"): 52M, peak: 114M

vm_info: Java HotSpot(TM) 64-Bit Server VM (19.0.1+10-21) for windows-amd64 JRE (19.0.1+10-21), built on 2022-09-14T12:45:06Z by "mach5one" with MS VC++ 17.1 (VS2022)

END.
