#
# There is insufficient memory for the Java Runtime Environment to continue.
# Native memory allocation (malloc) failed to allocate 1008496 bytes for Chunk::new
# Possible reasons:
#   The system is out of physical RAM or swap space
#   The process is running with CompressedOops enabled, and the Java Heap may be blocking the growth of the native heap
# Possible solutions:
#   Reduce memory load on the system
#   Increase physical memory or swap space
#   Check if swap backing store is full
#   Decrease Java heap size (-Xmx/-Xms)
#   Decrease number of Java threads
#   Decrease Java thread stack sizes (-Xss)
#   Set larger code cache with -XX:ReservedCodeCacheSize=
#   JVM is running with Unscaled Compressed Oops mode in which the Java heap is
#     placed in the first 4GB address space. The Java Heap base address is the
#     maximum limit for the native heap growth. Please use -XX:HeapBaseMinAddress
#     to set the Java Heap base and to place the Java Heap above 4GB virtual address.
# This output file may be truncated or incomplete.
#
#  Out of Memory Error (arena.cpp:184), pid=6688, tid=2448
#
# JRE version: Java(TM) SE Runtime Environment (19.0.1+10) (build 19.0.1+10-21)
# Java VM: Java HotSpot(TM) 64-Bit Server VM (19.0.1+10-21, mixed mode, sharing, tiered, compressed oops, compressed class ptrs, g1 gc, windows-amd64)
# No core dump will be written. Minidumps are not enabled by default on client versions of Windows
#

---------------  S U M M A R Y ------------

Command Line: -ea -Didea.test.cyclic.buffer.size=1048576 -javaagent:C:\Program Files\JetBrains\IntelliJ IDEA Community Edition 2023.2\lib\idea_rt.jar=55239:C:\Program Files\JetBrains\IntelliJ IDEA Community Edition 2023.2\bin -Dfile.encoding=UTF-8 -Dsun.stdout.encoding=UTF-8 -Dsun.stderr.encoding=UTF-8 com.intellij.rt.junit.JUnitStarter -ideVersion5 -junit5 com.banking_api.banking_api.controller.WithdrawControllerTest,testWithdrawEndpoint

Host: Intel(R) Core(TM) i3-1005G1 CPU @ 1.20GHz, 4 cores, 3G,  Windows 11 , 64 bit Build 22621 (10.0.22621.3235)
Time: Fri Mar 22 10:12:36 2024 Hora oficial do Brasil elapsed time: 12.390059 seconds (0d 0h 0m 12s)

---------------  T H R E A D  ---------------

Current thread (0x0000022e7b85df20):  JavaThread "C2 CompilerThread0" daemon [_thread_in_native, id=2448, stack(0x0000004607b00000,0x0000004607c00000)]


Current CompileTask:
C2:  12390 6853       4       org.springframework.beans.factory.support.AbstractBeanFactory::isTypeMatch (619 bytes)

Stack: [0x0000004607b00000,0x0000004607c00000]
Native frames: (J=compiled Java code, j=interpreted, Vv=VM code, C=native code)
V  [jvm.dll+0x6ee8fa]
V  [jvm.dll+0x857a1e]
V  [jvm.dll+0x85940e]
V  [jvm.dll+0x859ac3]
V  [jvm.dll+0x28291f]
V  [jvm.dll+0xc9b5f]
V  [jvm.dll+0xc9ee5]
V  [jvm.dll+0x2f7c6f]
V  [jvm.dll+0x5f0c5b]
V  [jvm.dll+0x2551fc]
V  [jvm.dll+0x24e097]
V  [jvm.dll+0x24b563]
V  [jvm.dll+0x1d6d61]
V  [jvm.dll+0x25b0fa]
V  [jvm.dll+0x259588]
V  [jvm.dll+0x807928]
V  [jvm.dll+0x8015fa]
V  [jvm.dll+0x6ed5eb]
C  [ucrtbase.dll+0x29363]
C  [KERNEL32.DLL+0x1257d]
C  [ntdll.dll+0x5aa58]


---------------  P R O C E S S  ---------------

Threads class SMR info:
_java_thread_list=0x0000022e02894cb0, length=16, elements={
0x0000022e602515f0, 0x0000022e7b8485f0, 0x0000022e7b849580, 0x0000022e7b84d8a0,
0x0000022e7b84f580, 0x0000022e7b853a70, 0x0000022e7b85ab30, 0x0000022e7b85df20,
0x0000022e7b8657f0, 0x0000022e7b85a5e0, 0x0000022e7b85bb20, 0x0000022e7b85b080,
0x0000022e7b85b5d0, 0x0000022e01b540e0, 0x0000022e01b560c0, 0x0000022e01b54b80
}

Java Threads: ( => current thread )
  0x0000022e602515f0 JavaThread "main" [_thread_in_vm, id=11748, stack(0x0000004606e00000,0x0000004606f00000)]
  0x0000022e7b8485f0 JavaThread "Reference Handler" daemon [_thread_blocked, id=12048, stack(0x0000004607500000,0x0000004607600000)]
  0x0000022e7b849580 JavaThread "Finalizer" daemon [_thread_blocked, id=1528, stack(0x0000004607600000,0x0000004607700000)]
  0x0000022e7b84d8a0 JavaThread "Signal Dispatcher" daemon [_thread_blocked, id=17252, stack(0x0000004607700000,0x0000004607800000)]
  0x0000022e7b84f580 JavaThread "Attach Listener" daemon [_thread_blocked, id=4160, stack(0x0000004607800000,0x0000004607900000)]
  0x0000022e7b853a70 JavaThread "Service Thread" daemon [_thread_blocked, id=7692, stack(0x0000004607900000,0x0000004607a00000)]
  0x0000022e7b85ab30 JavaThread "Monitor Deflation Thread" daemon [_thread_blocked, id=12960, stack(0x0000004607a00000,0x0000004607b00000)]
=>0x0000022e7b85df20 JavaThread "C2 CompilerThread0" daemon [_thread_in_native, id=2448, stack(0x0000004607b00000,0x0000004607c00000)]
  0x0000022e7b8657f0 JavaThread "C1 CompilerThread0" daemon [_thread_blocked, id=3488, stack(0x0000004607c00000,0x0000004607d00000)]
  0x0000022e7b85a5e0 JavaThread "Sweeper thread" daemon [_thread_blocked, id=11704, stack(0x0000004607d00000,0x0000004607e00000)]
  0x0000022e7b85bb20 JavaThread "Common-Cleaner" daemon [_thread_blocked, id=13508, stack(0x0000004607e00000,0x0000004607f00000)]
  0x0000022e7b85b080 JavaThread "Monitor Ctrl-Break" daemon [_thread_in_native, id=1144, stack(0x0000004607f00000,0x0000004608000000)]
  0x0000022e7b85b5d0 JavaThread "Notification Thread" daemon [_thread_blocked, id=16456, stack(0x0000004608000000,0x0000004608100000)]
  0x0000022e01b540e0 JavaThread "mysql-cj-abandoned-connection-cleanup" daemon [_thread_blocked, id=17068, stack(0x0000004608500000,0x0000004608600000)]
  0x0000022e01b560c0 JavaThread "HikariPool-1 housekeeper" daemon [_thread_blocked, id=13008, stack(0x0000004608700000,0x0000004608800000)]
  0x0000022e01b54b80 JavaThread "HikariPool-1 connection adder" daemon [_thread_blocked, id=9204, stack(0x0000004608800000,0x0000004608900000)]

Other Threads:
  0x0000022e7b830680 VMThread "VM Thread" [stack: 0x0000004607400000,0x0000004607500000] [id=9460]
  0x0000022e602524d0 WatcherThread "VM Periodic Task Thread" [stack: 0x0000004608100000,0x0000004608200000] [id=16980]
  0x0000022e6028fe10 WorkerThread "GC Thread#0" [stack: 0x0000004606f00000,0x0000004607000000] [id=5812]
  0x0000022e0036f410 WorkerThread "GC Thread#1" [stack: 0x0000004608200000,0x0000004608300000] [id=17228]
  0x0000022e0037dfc0 WorkerThread "GC Thread#2" [stack: 0x0000004608300000,0x0000004608400000] [id=4124]
  0x0000022e0037e290 WorkerThread "GC Thread#3" [stack: 0x0000004608400000,0x0000004608500000] [id=17292]
  0x0000022e60298630 ConcurrentGCThread "G1 Main Marker" [stack: 0x0000004607000000,0x0000004607100000] [id=15788]
  0x0000022e60299720 WorkerThread "G1 Conc#0" [stack: 0x0000004607100000,0x0000004607200000] [id=5724]
  0x0000022e602ce3f0 ConcurrentGCThread "G1 Refine#0" [stack: 0x0000004607200000,0x0000004607300000] [id=16872]
  0x0000022e7b6e8f50 ConcurrentGCThread "G1 Service" [stack: 0x0000004607300000,0x0000004607400000] [id=4216]

Threads with active compile tasks:
C2 CompilerThread0    12439 6853       4       org.springframework.beans.factory.support.AbstractBeanFactory::isTypeMatch (619 bytes)

VM state: not at safepoint (normal execution)

VM Mutex/Monitor currently owned by a thread: None

Heap address: 0x00000000c3a00000, size: 966 MB, Compressed Oops mode: 32-bit

CDS archive(s) mapped at: [0x0000000800000000-0x0000000800c40000-0x0000000800c40000), size 12845056, SharedBaseAddress: 0x0000000800000000, ArchiveRelocationMode: 0.
Compressed class space mapped at: 0x0000000801000000-0x0000000841000000, reserved size: 1073741824
Narrow klass base: 0x0000000800000000, Narrow klass shift: 0, Narrow klass range: 0x100000000

GC Precious Log:
 CardTable entry size: 512
 Card Set container configuration: InlinePtr #cards 5 size 8 Array Of Cards #cards 12 size 40 Howl #buckets 4 coarsen threshold 1843 Howl Bitmap #cards 512 size 80 coarsen threshold 460 Card regions per heap region 1 cards per card region 2048
 CPUs: 4 total, 4 available
 Memory: 3863M
 Large Page Support: Disabled
 NUMA Support: Disabled
 Compressed Oops: Enabled (32-bit)
 Heap Region Size: 1M
 Heap Min Capacity: 8M
 Heap Initial Capacity: 62M
 Heap Max Capacity: 966M
 Pre-touch: Disabled
 Parallel Workers: 4
 Concurrent Workers: 1
 Concurrent Refinement Workers: 4
 Periodic GC: Disabled

Heap:
 garbage-first heap   total 182272K, used 74571K [0x00000000c3a00000, 0x0000000100000000)
  region size 1024K, 47 young (48128K), 2 survivors (2048K)
 Metaspace       used 70913K, committed 71552K, reserved 1114112K
  class space    used 9556K, committed 9856K, reserved 1048576K

Heap Regions: E=young(eden), S=young(survivor), O=old, HS=humongous(starts), HC=humongous(continues), CS=collection set, F=free, OA=open archive, CA=closed archive, TAMS=top-at-mark-start (previous, next)
|   0|0x00000000c3a00000, 0x00000000c3b00000, 0x00000000c3b00000|100%|HS|  |TAMS 0x00000000c3b00000, 0x00000000c3a00000| Complete 
|   1|0x00000000c3b00000, 0x00000000c3c00000, 0x00000000c3c00000|100%| O|  |TAMS 0x00000000c3c00000, 0x00000000c3b00000| Untracked 
|   2|0x00000000c3c00000, 0x00000000c3d00000, 0x00000000c3d00000|100%| O|  |TAMS 0x00000000c3d00000, 0x00000000c3c00000| Untracked 
|   3|0x00000000c3d00000, 0x00000000c3e00000, 0x00000000c3e00000|100%| O|  |TAMS 0x00000000c3e00000, 0x00000000c3d00000| Untracked 
|   4|0x00000000c3e00000, 0x00000000c3f00000, 0x00000000c3f00000|100%| O|  |TAMS 0x00000000c3f00000, 0x00000000c3e00000| Untracked 
|   5|0x00000000c3f00000, 0x00000000c4000000, 0x00000000c4000000|100%| O|  |TAMS 0x00000000c4000000, 0x00000000c3f00000| Untracked 
|   6|0x00000000c4000000, 0x00000000c4100000, 0x00000000c4100000|100%| O|  |TAMS 0x00000000c4100000, 0x00000000c4000000| Untracked 
|   7|0x00000000c4100000, 0x00000000c4200000, 0x00000000c4200000|100%| O|  |TAMS 0x00000000c4200000, 0x00000000c4100000| Untracked 
|   8|0x00000000c4200000, 0x00000000c4300000, 0x00000000c4300000|100%| O|  |TAMS 0x00000000c4300000, 0x00000000c4200000| Untracked 
|   9|0x00000000c4300000, 0x00000000c4400000, 0x00000000c4400000|100%| O|  |TAMS 0x00000000c4400000, 0x00000000c4300000| Untracked 
|  10|0x00000000c4400000, 0x00000000c4500000, 0x00000000c4500000|100%| O|  |TAMS 0x00000000c4500000, 0x00000000c4400000| Untracked 
|  11|0x00000000c4500000, 0x00000000c4500000, 0x00000000c4600000|  0%| F|  |TAMS 0x00000000c4500000, 0x00000000c4500000| Untracked 
|  12|0x00000000c4600000, 0x00000000c4700000, 0x00000000c4700000|100%| O|  |TAMS 0x00000000c4700000, 0x00000000c4600000| Untracked 
|  13|0x00000000c4700000, 0x00000000c4800000, 0x00000000c4800000|100%| O|  |TAMS 0x00000000c4800000, 0x00000000c4700000| Untracked 
|  14|0x00000000c4800000, 0x00000000c4900000, 0x00000000c4900000|100%| O|  |TAMS 0x00000000c4900000, 0x00000000c4800000| Untracked 
|  15|0x00000000c4900000, 0x00000000c4a00000, 0x00000000c4a00000|100%| O|  |TAMS 0x00000000c4a00000, 0x00000000c4900000| Untracked 
|  16|0x00000000c4a00000, 0x00000000c4b00000, 0x00000000c4b00000|100%| O|  |TAMS 0x00000000c4a00000, 0x00000000c4a00000| Untracked 
|  17|0x00000000c4b00000, 0x00000000c4c00000, 0x00000000c4c00000|100%| O|  |TAMS 0x00000000c4c00000, 0x00000000c4b00000| Untracked 
|  18|0x00000000c4c00000, 0x00000000c4d00000, 0x00000000c4d00000|100%| O|  |TAMS 0x00000000c4d00000, 0x00000000c4c00000| Untracked 
|  19|0x00000000c4d00000, 0x00000000c4e00000, 0x00000000c4e00000|100%| O|  |TAMS 0x00000000c4e00000, 0x00000000c4d00000| Untracked 
|  20|0x00000000c4e00000, 0x00000000c4f00000, 0x00000000c4f00000|100%| O|  |TAMS 0x00000000c4f00000, 0x00000000c4e00000| Untracked 
|  21|0x00000000c4f00000, 0x00000000c5000000, 0x00000000c5000000|100%| O|  |TAMS 0x00000000c5000000, 0x00000000c4f00000| Untracked 
|  22|0x00000000c5000000, 0x00000000c5100000, 0x00000000c5100000|100%| O|  |TAMS 0x00000000c5100000, 0x00000000c5000000| Untracked 
|  23|0x00000000c5100000, 0x00000000c5200000, 0x00000000c5200000|100%| O|  |TAMS 0x00000000c517fe00, 0x00000000c5100000| Untracked 
|  24|0x00000000c5200000, 0x00000000c5300000, 0x00000000c5300000|100%| O|  |TAMS 0x00000000c5200000, 0x00000000c5200000| Untracked 
|  25|0x00000000c5300000, 0x00000000c5400000, 0x00000000c5400000|100%| O|  |TAMS 0x00000000c5300000, 0x00000000c5300000| Untracked 
|  26|0x00000000c5400000, 0x00000000c5500000, 0x00000000c5500000|100%| O|  |TAMS 0x00000000c5400000, 0x00000000c5400000| Untracked 
|  27|0x00000000c5500000, 0x00000000c5600000, 0x00000000c5600000|100%| O|  |TAMS 0x00000000c5500000, 0x00000000c5500000| Untracked 
|  28|0x00000000c5600000, 0x00000000c5618000, 0x00000000c5700000|  9%| O|  |TAMS 0x00000000c5600000, 0x00000000c5600000| Untracked 
|  29|0x00000000c5700000, 0x00000000c5700000, 0x00000000c5800000|  0%| F|  |TAMS 0x00000000c5700000, 0x00000000c5700000| Untracked 
|  30|0x00000000c5800000, 0x00000000c5800000, 0x00000000c5900000|  0%| F|  |TAMS 0x00000000c5800000, 0x00000000c5800000| Untracked 
|  31|0x00000000c5900000, 0x00000000c5900000, 0x00000000c5a00000|  0%| F|  |TAMS 0x00000000c5900000, 0x00000000c5900000| Untracked 
|  32|0x00000000c5a00000, 0x00000000c5a00000, 0x00000000c5b00000|  0%| F|  |TAMS 0x00000000c5a00000, 0x00000000c5a00000| Untracked 
|  33|0x00000000c5b00000, 0x00000000c5b00000, 0x00000000c5c00000|  0%| F|  |TAMS 0x00000000c5b00000, 0x00000000c5b00000| Untracked 
|  34|0x00000000c5c00000, 0x00000000c5c00000, 0x00000000c5d00000|  0%| F|  |TAMS 0x00000000c5c00000, 0x00000000c5c00000| Untracked 
|  35|0x00000000c5d00000, 0x00000000c5d00000, 0x00000000c5e00000|  0%| F|  |TAMS 0x00000000c5d00000, 0x00000000c5d00000| Untracked 
|  36|0x00000000c5e00000, 0x00000000c5e00000, 0x00000000c5f00000|  0%| F|  |TAMS 0x00000000c5e00000, 0x00000000c5e00000| Untracked 
|  37|0x00000000c5f00000, 0x00000000c5f00000, 0x00000000c6000000|  0%| F|  |TAMS 0x00000000c5f00000, 0x00000000c5f00000| Untracked 
|  38|0x00000000c6000000, 0x00000000c6000000, 0x00000000c6100000|  0%| F|  |TAMS 0x00000000c6000000, 0x00000000c6000000| Untracked 
|  39|0x00000000c6100000, 0x00000000c6100000, 0x00000000c6200000|  0%| F|  |TAMS 0x00000000c6100000, 0x00000000c6100000| Untracked 
|  40|0x00000000c6200000, 0x00000000c6200000, 0x00000000c6300000|  0%| F|  |TAMS 0x00000000c6200000, 0x00000000c6200000| Untracked 
|  41|0x00000000c6300000, 0x00000000c63bac48, 0x00000000c6400000| 72%| S|CS|TAMS 0x00000000c6300000, 0x00000000c6300000| Complete 
|  42|0x00000000c6400000, 0x00000000c6400000, 0x00000000c6500000|  0%| F|  |TAMS 0x00000000c6400000, 0x00000000c6400000| Untracked 
|  43|0x00000000c6500000, 0x00000000c6500000, 0x00000000c6600000|  0%| F|  |TAMS 0x00000000c6500000, 0x00000000c6500000| Untracked 
|  44|0x00000000c6600000, 0x00000000c6700000, 0x00000000c6700000|100%| S|CS|TAMS 0x00000000c6600000, 0x00000000c6600000| Complete 
|  45|0x00000000c6700000, 0x00000000c6700000, 0x00000000c6800000|  0%| F|  |TAMS 0x00000000c6700000, 0x00000000c6700000| Untracked 
|  46|0x00000000c6800000, 0x00000000c6800000, 0x00000000c6900000|  0%| F|  |TAMS 0x00000000c6800000, 0x00000000c6800000| Untracked 
|  47|0x00000000c6900000, 0x00000000c6900000, 0x00000000c6a00000|  0%| F|  |TAMS 0x00000000c6900000, 0x00000000c6900000| Untracked 
|  48|0x00000000c6a00000, 0x00000000c6a00000, 0x00000000c6b00000|  0%| F|  |TAMS 0x00000000c6a00000, 0x00000000c6a00000| Untracked 
|  49|0x00000000c6b00000, 0x00000000c6b00000, 0x00000000c6c00000|  0%| F|  |TAMS 0x00000000c6b00000, 0x00000000c6b00000| Untracked 
|  50|0x00000000c6c00000, 0x00000000c6c00000, 0x00000000c6d00000|  0%| F|  |TAMS 0x00000000c6c00000, 0x00000000c6c00000| Untracked 
|  51|0x00000000c6d00000, 0x00000000c6d00000, 0x00000000c6e00000|  0%| F|  |TAMS 0x00000000c6d00000, 0x00000000c6d00000| Untracked 
|  52|0x00000000c6e00000, 0x00000000c6e00000, 0x00000000c6f00000|  0%| F|  |TAMS 0x00000000c6e00000, 0x00000000c6e00000| Untracked 
|  53|0x00000000c6f00000, 0x00000000c6f00000, 0x00000000c7000000|  0%| F|  |TAMS 0x00000000c6f00000, 0x00000000c6f00000| Untracked 
|  54|0x00000000c7000000, 0x00000000c7000000, 0x00000000c7100000|  0%| F|  |TAMS 0x00000000c7000000, 0x00000000c7000000| Untracked 
|  55|0x00000000c7100000, 0x00000000c7100000, 0x00000000c7200000|  0%| F|  |TAMS 0x00000000c7100000, 0x00000000c7100000| Untracked 
|  56|0x00000000c7200000, 0x00000000c7200000, 0x00000000c7300000|  0%| F|  |TAMS 0x00000000c7200000, 0x00000000c7200000| Untracked 
|  57|0x00000000c7300000, 0x00000000c7300000, 0x00000000c7400000|  0%| F|  |TAMS 0x00000000c7300000, 0x00000000c7300000| Untracked 
|  58|0x00000000c7400000, 0x00000000c7400000, 0x00000000c7500000|  0%| F|  |TAMS 0x00000000c7400000, 0x00000000c7400000| Untracked 
|  59|0x00000000c7500000, 0x00000000c7500000, 0x00000000c7600000|  0%| F|  |TAMS 0x00000000c7500000, 0x00000000c7500000| Untracked 
|  60|0x00000000c7600000, 0x00000000c7600000, 0x00000000c7700000|  0%| F|  |TAMS 0x00000000c7600000, 0x00000000c7600000| Untracked 
|  61|0x00000000c7700000, 0x00000000c7700000, 0x00000000c7800000|  0%| F|  |TAMS 0x00000000c7700000, 0x00000000c7700000| Untracked 
|  62|0x00000000c7800000, 0x00000000c7800000, 0x00000000c7900000|  0%| F|  |TAMS 0x00000000c7800000, 0x00000000c7800000| Untracked 
|  63|0x00000000c7900000, 0x00000000c7900000, 0x00000000c7a00000|  0%| F|  |TAMS 0x00000000c7900000, 0x00000000c7900000| Untracked 
|  64|0x00000000c7a00000, 0x00000000c7a00000, 0x00000000c7b00000|  0%| F|  |TAMS 0x00000000c7a00000, 0x00000000c7a00000| Untracked 
|  65|0x00000000c7b00000, 0x00000000c7b00000, 0x00000000c7c00000|  0%| F|  |TAMS 0x00000000c7b00000, 0x00000000c7b00000| Untracked 
|  66|0x00000000c7c00000, 0x00000000c7c00000, 0x00000000c7d00000|  0%| F|  |TAMS 0x00000000c7c00000, 0x00000000c7c00000| Untracked 
|  67|0x00000000c7d00000, 0x00000000c7d00000, 0x00000000c7e00000|  0%| F|  |TAMS 0x00000000c7d00000, 0x00000000c7d00000| Untracked 
|  68|0x00000000c7e00000, 0x00000000c7e00000, 0x00000000c7f00000|  0%| F|  |TAMS 0x00000000c7e00000, 0x00000000c7e00000| Untracked 
|  69|0x00000000c7f00000, 0x00000000c7f00000, 0x00000000c8000000|  0%| F|  |TAMS 0x00000000c7f00000, 0x00000000c7f00000| Untracked 
|  70|0x00000000c8000000, 0x00000000c8000000, 0x00000000c8100000|  0%| F|  |TAMS 0x00000000c8000000, 0x00000000c8000000| Untracked 
|  71|0x00000000c8100000, 0x00000000c8100000, 0x00000000c8200000|  0%| F|  |TAMS 0x00000000c8100000, 0x00000000c8100000| Untracked 
|  72|0x00000000c8200000, 0x00000000c8200000, 0x00000000c8300000|  0%| F|  |TAMS 0x00000000c8200000, 0x00000000c8200000| Untracked 
|  73|0x00000000c8300000, 0x00000000c8300000, 0x00000000c8400000|  0%| F|  |TAMS 0x00000000c8300000, 0x00000000c8300000| Untracked 
|  74|0x00000000c8400000, 0x00000000c8400000, 0x00000000c8500000|  0%| F|  |TAMS 0x00000000c8400000, 0x00000000c8400000| Untracked 
|  75|0x00000000c8500000, 0x00000000c8500000, 0x00000000c8600000|  0%| F|  |TAMS 0x00000000c8500000, 0x00000000c8500000| Untracked 
|  76|0x00000000c8600000, 0x00000000c8600000, 0x00000000c8700000|  0%| F|  |TAMS 0x00000000c8600000, 0x00000000c8600000| Untracked 
|  77|0x00000000c8700000, 0x00000000c8700000, 0x00000000c8800000|  0%| F|  |TAMS 0x00000000c8700000, 0x00000000c8700000| Untracked 
|  78|0x00000000c8800000, 0x00000000c8800000, 0x00000000c8900000|  0%| F|  |TAMS 0x00000000c8800000, 0x00000000c8800000| Untracked 
|  79|0x00000000c8900000, 0x00000000c8900000, 0x00000000c8a00000|  0%| F|  |TAMS 0x00000000c8900000, 0x00000000c8900000| Untracked 
|  80|0x00000000c8a00000, 0x00000000c8a00000, 0x00000000c8b00000|  0%| F|  |TAMS 0x00000000c8a00000, 0x00000000c8a00000| Untracked 
|  81|0x00000000c8b00000, 0x00000000c8b00000, 0x00000000c8c00000|  0%| F|  |TAMS 0x00000000c8b00000, 0x00000000c8b00000| Untracked 
|  82|0x00000000c8c00000, 0x00000000c8c00000, 0x00000000c8d00000|  0%| F|  |TAMS 0x00000000c8c00000, 0x00000000c8c00000| Untracked 
|  83|0x00000000c8d00000, 0x00000000c8d00000, 0x00000000c8e00000|  0%| F|  |TAMS 0x00000000c8d00000, 0x00000000c8d00000| Untracked 
|  84|0x00000000c8e00000, 0x00000000c8e00000, 0x00000000c8f00000|  0%| F|  |TAMS 0x00000000c8e00000, 0x00000000c8e00000| Untracked 
|  85|0x00000000c8f00000, 0x00000000c8f00000, 0x00000000c9000000|  0%| F|  |TAMS 0x00000000c8f00000, 0x00000000c8f00000| Untracked 
|  86|0x00000000c9000000, 0x00000000c9000000, 0x00000000c9100000|  0%| F|  |TAMS 0x00000000c9000000, 0x00000000c9000000| Untracked 
|  87|0x00000000c9100000, 0x00000000c9100000, 0x00000000c9200000|  0%| F|  |TAMS 0x00000000c9100000, 0x00000000c9100000| Untracked 
|  88|0x00000000c9200000, 0x00000000c9200000, 0x00000000c9300000|  0%| F|  |TAMS 0x00000000c9200000, 0x00000000c9200000| Untracked 
|  89|0x00000000c9300000, 0x00000000c9300000, 0x00000000c9400000|  0%| F|  |TAMS 0x00000000c9300000, 0x00000000c9300000| Untracked 
|  90|0x00000000c9400000, 0x00000000c9400000, 0x00000000c9500000|  0%| F|  |TAMS 0x00000000c9400000, 0x00000000c9400000| Untracked 
|  91|0x00000000c9500000, 0x00000000c9500000, 0x00000000c9600000|  0%| F|  |TAMS 0x00000000c9500000, 0x00000000c9500000| Untracked 
|  92|0x00000000c9600000, 0x00000000c9600000, 0x00000000c9700000|  0%| F|  |TAMS 0x00000000c9600000, 0x00000000c9600000| Untracked 
|  93|0x00000000c9700000, 0x00000000c9700000, 0x00000000c9800000|  0%| F|  |TAMS 0x00000000c9700000, 0x00000000c9700000| Untracked 
|  94|0x00000000c9800000, 0x00000000c9800000, 0x00000000c9900000|  0%| F|  |TAMS 0x00000000c9800000, 0x00000000c9800000| Untracked 
|  95|0x00000000c9900000, 0x00000000c9900000, 0x00000000c9a00000|  0%| F|  |TAMS 0x00000000c9900000, 0x00000000c9900000| Untracked 
|  96|0x00000000c9a00000, 0x00000000c9a00000, 0x00000000c9b00000|  0%| F|  |TAMS 0x00000000c9a00000, 0x00000000c9a00000| Untracked 
|  97|0x00000000c9b00000, 0x00000000c9b00000, 0x00000000c9c00000|  0%| F|  |TAMS 0x00000000c9b00000, 0x00000000c9b00000| Untracked 
|  98|0x00000000c9c00000, 0x00000000c9c00000, 0x00000000c9d00000|  0%| F|  |TAMS 0x00000000c9c00000, 0x00000000c9c00000| Untracked 
|  99|0x00000000c9d00000, 0x00000000c9d00000, 0x00000000c9e00000|  0%| F|  |TAMS 0x00000000c9d00000, 0x00000000c9d00000| Untracked 
| 100|0x00000000c9e00000, 0x00000000c9e00000, 0x00000000c9f00000|  0%| F|  |TAMS 0x00000000c9e00000, 0x00000000c9e00000| Untracked 
| 101|0x00000000c9f00000, 0x00000000c9f00000, 0x00000000ca000000|  0%| F|  |TAMS 0x00000000c9f00000, 0x00000000c9f00000| Untracked 
| 102|0x00000000ca000000, 0x00000000ca000000, 0x00000000ca100000|  0%| F|  |TAMS 0x00000000ca000000, 0x00000000ca000000| Untracked 
| 103|0x00000000ca100000, 0x00000000ca100000, 0x00000000ca200000|  0%| F|  |TAMS 0x00000000ca100000, 0x00000000ca100000| Untracked 
| 104|0x00000000ca200000, 0x00000000ca200000, 0x00000000ca300000|  0%| F|  |TAMS 0x00000000ca200000, 0x00000000ca200000| Untracked 
| 105|0x00000000ca300000, 0x00000000ca300000, 0x00000000ca400000|  0%| F|  |TAMS 0x00000000ca300000, 0x00000000ca300000| Untracked 
| 106|0x00000000ca400000, 0x00000000ca400000, 0x00000000ca500000|  0%| F|  |TAMS 0x00000000ca400000, 0x00000000ca400000| Untracked 
| 107|0x00000000ca500000, 0x00000000ca500000, 0x00000000ca600000|  0%| F|  |TAMS 0x00000000ca500000, 0x00000000ca500000| Untracked 
| 108|0x00000000ca600000, 0x00000000ca600000, 0x00000000ca700000|  0%| F|  |TAMS 0x00000000ca600000, 0x00000000ca600000| Untracked 
| 109|0x00000000ca700000, 0x00000000ca700000, 0x00000000ca800000|  0%| F|  |TAMS 0x00000000ca700000, 0x00000000ca700000| Untracked 
| 110|0x00000000ca800000, 0x00000000ca800000, 0x00000000ca900000|  0%| F|  |TAMS 0x00000000ca800000, 0x00000000ca800000| Untracked 
| 111|0x00000000ca900000, 0x00000000ca900000, 0x00000000caa00000|  0%| F|  |TAMS 0x00000000ca900000, 0x00000000ca900000| Untracked 
| 112|0x00000000caa00000, 0x00000000caa00000, 0x00000000cab00000|  0%| F|  |TAMS 0x00000000caa00000, 0x00000000caa00000| Untracked 
| 113|0x00000000cab00000, 0x00000000cab00000, 0x00000000cac00000|  0%| F|  |TAMS 0x00000000cab00000, 0x00000000cab00000| Untracked 
| 114|0x00000000cac00000, 0x00000000cac00000, 0x00000000cad00000|  0%| F|  |TAMS 0x00000000cac00000, 0x00000000cac00000| Untracked 
| 115|0x00000000cad00000, 0x00000000cad00000, 0x00000000cae00000|  0%| F|  |TAMS 0x00000000cad00000, 0x00000000cad00000| Untracked 
| 116|0x00000000cae00000, 0x00000000cae00000, 0x00000000caf00000|  0%| F|  |TAMS 0x00000000cae00000, 0x00000000cae00000| Untracked 
| 117|0x00000000caf00000, 0x00000000caf00000, 0x00000000cb000000|  0%| F|  |TAMS 0x00000000caf00000, 0x00000000caf00000| Untracked 
| 118|0x00000000cb000000, 0x00000000cb000000, 0x00000000cb100000|  0%| F|  |TAMS 0x00000000cb000000, 0x00000000cb000000| Untracked 
| 119|0x00000000cb100000, 0x00000000cb100000, 0x00000000cb200000|  0%| F|  |TAMS 0x00000000cb100000, 0x00000000cb100000| Untracked 
| 120|0x00000000cb200000, 0x00000000cb200000, 0x00000000cb300000|  0%| F|  |TAMS 0x00000000cb200000, 0x00000000cb200000| Untracked 
| 121|0x00000000cb300000, 0x00000000cb300000, 0x00000000cb400000|  0%| F|  |TAMS 0x00000000cb300000, 0x00000000cb300000| Untracked 
| 122|0x00000000cb400000, 0x00000000cb400000, 0x00000000cb500000|  0%| F|  |TAMS 0x00000000cb400000, 0x00000000cb400000| Untracked 
| 123|0x00000000cb500000, 0x00000000cb500000, 0x00000000cb600000|  0%| F|  |TAMS 0x00000000cb500000, 0x00000000cb500000| Untracked 
| 124|0x00000000cb600000, 0x00000000cb600000, 0x00000000cb700000|  0%| F|  |TAMS 0x00000000cb600000, 0x00000000cb600000| Untracked 
| 125|0x00000000cb700000, 0x00000000cb700000, 0x00000000cb800000|  0%| F|  |TAMS 0x00000000cb700000, 0x00000000cb700000| Untracked 
| 126|0x00000000cb800000, 0x00000000cb800000, 0x00000000cb900000|  0%| F|  |TAMS 0x00000000cb800000, 0x00000000cb800000| Untracked 
| 127|0x00000000cb900000, 0x00000000cb900000, 0x00000000cba00000|  0%| F|  |TAMS 0x00000000cb900000, 0x00000000cb900000| Untracked 
| 128|0x00000000cba00000, 0x00000000cba00000, 0x00000000cbb00000|  0%| F|  |TAMS 0x00000000cba00000, 0x00000000cba00000| Untracked 
| 129|0x00000000cbb00000, 0x00000000cbb00000, 0x00000000cbc00000|  0%| F|  |TAMS 0x00000000cbb00000, 0x00000000cbb00000| Untracked 
| 130|0x00000000cbc00000, 0x00000000cbc00000, 0x00000000cbd00000|  0%| F|  |TAMS 0x00000000cbc00000, 0x00000000cbc00000| Untracked 
| 131|0x00000000cbd00000, 0x00000000cbd00000, 0x00000000cbe00000|  0%| F|  |TAMS 0x00000000cbd00000, 0x00000000cbd00000| Untracked 
| 132|0x00000000cbe00000, 0x00000000cbe00000, 0x00000000cbf00000|  0%| F|  |TAMS 0x00000000cbe00000, 0x00000000cbe00000| Untracked 
| 133|0x00000000cbf00000, 0x00000000cc000000, 0x00000000cc000000|100%| E|  |TAMS 0x00000000cbf00000, 0x00000000cbf00000| Complete 
| 134|0x00000000cc000000, 0x00000000cc100000, 0x00000000cc100000|100%| E|CS|TAMS 0x00000000cc000000, 0x00000000cc000000| Complete 
| 135|0x00000000cc100000, 0x00000000cc200000, 0x00000000cc200000|100%| E|CS|TAMS 0x00000000cc100000, 0x00000000cc100000| Complete 
| 136|0x00000000cc200000, 0x00000000cc300000, 0x00000000cc300000|100%| E|CS|TAMS 0x00000000cc200000, 0x00000000cc200000| Complete 
| 137|0x00000000cc300000, 0x00000000cc400000, 0x00000000cc400000|100%| E|CS|TAMS 0x00000000cc300000, 0x00000000cc300000| Complete 
| 138|0x00000000cc400000, 0x00000000cc500000, 0x00000000cc500000|100%| E|CS|TAMS 0x00000000cc400000, 0x00000000cc400000| Complete 
| 139|0x00000000cc500000, 0x00000000cc600000, 0x00000000cc600000|100%| E|CS|TAMS 0x00000000cc500000, 0x00000000cc500000| Complete 
| 140|0x00000000cc600000, 0x00000000cc700000, 0x00000000cc700000|100%| E|CS|TAMS 0x00000000cc600000, 0x00000000cc600000| Complete 
| 141|0x00000000cc700000, 0x00000000cc800000, 0x00000000cc800000|100%| E|CS|TAMS 0x00000000cc700000, 0x00000000cc700000| Complete 
| 142|0x00000000cc800000, 0x00000000cc900000, 0x00000000cc900000|100%| E|CS|TAMS 0x00000000cc800000, 0x00000000cc800000| Complete 
| 143|0x00000000cc900000, 0x00000000cca00000, 0x00000000cca00000|100%| E|CS|TAMS 0x00000000cc900000, 0x00000000cc900000| Complete 
| 144|0x00000000cca00000, 0x00000000ccb00000, 0x00000000ccb00000|100%| E|CS|TAMS 0x00000000cca00000, 0x00000000cca00000| Complete 
| 145|0x00000000ccb00000, 0x00000000ccc00000, 0x00000000ccc00000|100%| E|CS|TAMS 0x00000000ccb00000, 0x00000000ccb00000| Complete 
| 146|0x00000000ccc00000, 0x00000000ccd00000, 0x00000000ccd00000|100%| E|CS|TAMS 0x00000000ccc00000, 0x00000000ccc00000| Complete 
| 147|0x00000000ccd00000, 0x00000000cce00000, 0x00000000cce00000|100%| E|CS|TAMS 0x00000000ccd00000, 0x00000000ccd00000| Complete 
| 148|0x00000000cce00000, 0x00000000ccf00000, 0x00000000ccf00000|100%| E|CS|TAMS 0x00000000cce00000, 0x00000000cce00000| Complete 
| 149|0x00000000ccf00000, 0x00000000cd000000, 0x00000000cd000000|100%| E|CS|TAMS 0x00000000ccf00000, 0x00000000ccf00000| Complete 
| 150|0x00000000cd000000, 0x00000000cd100000, 0x00000000cd100000|100%| E|CS|TAMS 0x00000000cd000000, 0x00000000cd000000| Complete 
| 151|0x00000000cd100000, 0x00000000cd200000, 0x00000000cd200000|100%| E|CS|TAMS 0x00000000cd100000, 0x00000000cd100000| Complete 
| 152|0x00000000cd200000, 0x00000000cd300000, 0x00000000cd300000|100%| E|CS|TAMS 0x00000000cd200000, 0x00000000cd200000| Complete 
| 153|0x00000000cd300000, 0x00000000cd400000, 0x00000000cd400000|100%| E|CS|TAMS 0x00000000cd300000, 0x00000000cd300000| Complete 
| 154|0x00000000cd400000, 0x00000000cd500000, 0x00000000cd500000|100%| E|CS|TAMS 0x00000000cd400000, 0x00000000cd400000| Complete 
| 155|0x00000000cd500000, 0x00000000cd600000, 0x00000000cd600000|100%| E|CS|TAMS 0x00000000cd500000, 0x00000000cd500000| Complete 
| 156|0x00000000cd600000, 0x00000000cd700000, 0x00000000cd700000|100%| E|CS|TAMS 0x00000000cd600000, 0x00000000cd600000| Complete 
| 157|0x00000000cd700000, 0x00000000cd800000, 0x00000000cd800000|100%| E|CS|TAMS 0x00000000cd700000, 0x00000000cd700000| Complete 
| 158|0x00000000cd800000, 0x00000000cd900000, 0x00000000cd900000|100%| E|CS|TAMS 0x00000000cd800000, 0x00000000cd800000| Complete 
| 159|0x00000000cd900000, 0x00000000cda00000, 0x00000000cda00000|100%| E|CS|TAMS 0x00000000cd900000, 0x00000000cd900000| Complete 
| 160|0x00000000cda00000, 0x00000000cdb00000, 0x00000000cdb00000|100%| E|CS|TAMS 0x00000000cda00000, 0x00000000cda00000| Complete 
| 161|0x00000000cdb00000, 0x00000000cdc00000, 0x00000000cdc00000|100%| E|CS|TAMS 0x00000000cdb00000, 0x00000000cdb00000| Complete 
| 162|0x00000000cdc00000, 0x00000000cdd00000, 0x00000000cdd00000|100%| E|CS|TAMS 0x00000000cdc00000, 0x00000000cdc00000| Complete 
| 163|0x00000000cdd00000, 0x00000000cde00000, 0x00000000cde00000|100%| E|CS|TAMS 0x00000000cdd00000, 0x00000000cdd00000| Complete 
| 164|0x00000000cde00000, 0x00000000cdf00000, 0x00000000cdf00000|100%| E|CS|TAMS 0x00000000cde00000, 0x00000000cde00000| Complete 
| 165|0x00000000cdf00000, 0x00000000ce000000, 0x00000000ce000000|100%| E|CS|TAMS 0x00000000cdf00000, 0x00000000cdf00000| Complete 
| 166|0x00000000ce000000, 0x00000000ce100000, 0x00000000ce100000|100%| E|CS|TAMS 0x00000000ce000000, 0x00000000ce000000| Complete 
| 167|0x00000000ce100000, 0x00000000ce200000, 0x00000000ce200000|100%| E|CS|TAMS 0x00000000ce100000, 0x00000000ce100000| Complete 
| 168|0x00000000ce200000, 0x00000000ce300000, 0x00000000ce300000|100%| E|CS|TAMS 0x00000000ce200000, 0x00000000ce200000| Complete 
| 169|0x00000000ce300000, 0x00000000ce400000, 0x00000000ce400000|100%| E|CS|TAMS 0x00000000ce300000, 0x00000000ce300000| Complete 
| 170|0x00000000ce400000, 0x00000000ce500000, 0x00000000ce500000|100%| E|CS|TAMS 0x00000000ce400000, 0x00000000ce400000| Complete 
| 171|0x00000000ce500000, 0x00000000ce600000, 0x00000000ce600000|100%| E|CS|TAMS 0x00000000ce500000, 0x00000000ce500000| Complete 
| 172|0x00000000ce600000, 0x00000000ce700000, 0x00000000ce700000|100%| E|CS|TAMS 0x00000000ce600000, 0x00000000ce600000| Complete 
| 173|0x00000000ce700000, 0x00000000ce800000, 0x00000000ce800000|100%| E|CS|TAMS 0x00000000ce700000, 0x00000000ce700000| Complete 
| 174|0x00000000ce800000, 0x00000000ce900000, 0x00000000ce900000|100%| E|CS|TAMS 0x00000000ce800000, 0x00000000ce800000| Complete 
| 175|0x00000000ce900000, 0x00000000cea00000, 0x00000000cea00000|100%| E|CS|TAMS 0x00000000ce900000, 0x00000000ce900000| Complete 
| 176|0x00000000cea00000, 0x00000000ceb00000, 0x00000000ceb00000|100%| E|CS|TAMS 0x00000000cea00000, 0x00000000cea00000| Complete 
| 177|0x00000000ceb00000, 0x00000000cec00000, 0x00000000cec00000|100%| E|CS|TAMS 0x00000000ceb00000, 0x00000000ceb00000| Complete 

Card table byte_map: [0x0000022e77360000,0x0000022e77550000] _byte_map_base: 0x0000022e76d43000

Marking Bits (Prev, Next): (CMBitMap*) 0x0000022e60290480, (CMBitMap*) 0x0000022e60290440
 Prev Bits: [0x0000022e78660000, 0x0000022e79578000)
 Next Bits: [0x0000022e77740000, 0x0000022e78658000)

Polling page: 0x0000022e5e1b0000

Metaspace:

Usage:
  Non-class:     59.95 MB used.
      Class:      9.34 MB used.
       Both:     69.29 MB used.

Virtual space:
  Non-class space:       64.00 MB reserved,      60.31 MB ( 94%) committed,  1 nodes.
      Class space:        1.00 GB reserved,       9.62 MB ( <1%) committed,  1 nodes.
             Both:        1.06 GB reserved,      69.94 MB (  6%) committed. 

Chunk freelists:
   Non-Class:  3.47 MB
       Class:  2.39 MB
        Both:  5.86 MB

MaxMetaspaceSize: unlimited
CompressedClassSpaceSize: 1.00 GB
Initial GC threshold: 21.00 MB
Current GC threshold: 99.69 MB
CDS: on
MetaspaceReclaimPolicy: balanced
 - commit_granule_bytes: 65536.
 - commit_granule_words: 8192.
 - virtual_space_node_default_size: 8388608.
 - enlarge_chunks_in_place: 1.
 - new_chunks_are_fully_committed: 0.
 - uncommit_free_chunks: 1.
 - use_allocation_guard: 0.


Internal statistics:

num_allocs_failed_limit: 12.
num_arena_births: 880.
num_arena_deaths: 0.
num_vsnodes_births: 2.
num_vsnodes_deaths: 0.
num_space_committed: 1119.
num_space_uncommitted: 0.
num_chunks_returned_to_freelist: 12.
num_chunks_taken_from_freelist: 3315.
num_chunk_merges: 12.
num_chunk_splits: 2442.
num_chunks_enlarged: 2000.
num_inconsistent_stats: 0.

CodeHeap 'non-profiled nmethods': size=120000Kb used=3066Kb max_used=3066Kb free=116933Kb
 bounds [0x0000022e6fc40000, 0x0000022e6ff50000, 0x0000022e77170000]
CodeHeap 'profiled nmethods': size=120000Kb used=11666Kb max_used=12020Kb free=108334Kb
 bounds [0x0000022e68170000, 0x0000022e68d30000, 0x0000022e6f6a0000]
CodeHeap 'non-nmethods': size=5760Kb used=1480Kb max_used=1528Kb free=4279Kb
 bounds [0x0000022e6f6a0000, 0x0000022e6f910000, 0x0000022e6fc40000]
 total_blobs=6781 nmethods=6056 adapters=635
 compilation: enabled
              stopped_count=0, restarted_count=0
 full_count=0

Compilation events (20 events):
Event: 12.281 Thread 0x0000022e7b8657f0 6901       2       java.util.StringJoiner::<init> (10 bytes)
Event: 12.281 Thread 0x0000022e7b8657f0 nmethod 6901 0x0000022e681f8590 code [0x0000022e681f8740, 0x0000022e681f8868]
Event: 12.281 Thread 0x0000022e7b8657f0 6902       2       java.lang.reflect.Method::specificToStringHeader (44 bytes)
Event: 12.281 Thread 0x0000022e7b8657f0 nmethod 6902 0x0000022e681f7f90 code [0x0000022e681f8180, 0x0000022e681f83a8]
Event: 12.281 Thread 0x0000022e7b8657f0 6900       2       java.lang.reflect.Modifier::toString (185 bytes)
Event: 12.282 Thread 0x0000022e7b8657f0 nmethod 6900 0x0000022e681f7710 code [0x0000022e681f7960, 0x0000022e681f7db8]
Event: 12.284 Thread 0x0000022e7b8657f0 6905       2       java.util.concurrent.ConcurrentHashMap::compareComparables (27 bytes)
Event: 12.284 Thread 0x0000022e7b8657f0 nmethod 6905 0x0000022e681f7290 code [0x0000022e681f7440, 0x0000022e681f75e8]
Event: 12.284 Thread 0x0000022e7b8657f0 6906       2       org.springframework.core.MethodClassKey::compareTo (9 bytes)
Event: 12.284 Thread 0x0000022e7b8657f0 nmethod 6906 0x0000022e681f6e90 code [0x0000022e681f7040, 0x0000022e681f71a8]
Event: 12.293 Thread 0x0000022e7b8657f0 6908       1       org.springframework.aop.support.StaticMethodMatcherPointcut::getClassFilter (5 bytes)
Event: 12.293 Thread 0x0000022e7b8657f0 nmethod 6908 0x0000022e6fd6e390 code [0x0000022e6fd6e520, 0x0000022e6fd6e5d8]
Event: 12.303 Thread 0x0000022e7b8657f0 6909       1       jdk.xml.internal.XMLSecurityManager$Limit::systemProperty (5 bytes)
Event: 12.304 Thread 0x0000022e7b8657f0 nmethod 6909 0x0000022e6fd6e090 code [0x0000022e6fd6e220, 0x0000022e6fd6e2d8]
Event: 12.308 Thread 0x0000022e7b8657f0 6910       2       org.springframework.aop.framework.autoproxy.ProxyCreationContext::setCurrentProxiedBeanName (21 bytes)
Event: 12.308 Thread 0x0000022e7b8657f0 nmethod 6910 0x0000022e681f6a10 code [0x0000022e681f6bc0, 0x0000022e681f6d58]
Event: 12.311 Thread 0x0000022e7b8657f0 6911   !   2       java.util.jar.Attributes::read (494 bytes)
Event: 12.314 Thread 0x0000022e7b8657f0 nmethod 6911 0x0000022e681f3590 code [0x0000022e681f3ae0, 0x0000022e681f56c8]
Event: 12.369 Thread 0x0000022e7b8657f0 6912       2       java.lang.Thread::getId (5 bytes)
Event: 12.369 Thread 0x0000022e7b8657f0 nmethod 6912 0x0000022e685a3410 code [0x0000022e685a35a0, 0x0000022e685a3698]

GC Heap History (20 events):
Event: 6.783 GC heap before
{Heap before GC invocations=9 (full 0):
 garbage-first heap   total 51200K, used 36014K [0x00000000c3a00000, 0x0000000100000000)
  region size 1024K, 21 young (21504K), 2 survivors (2048K)
 Metaspace       used 31094K, committed 31552K, reserved 1114112K
  class space    used 3940K, committed 4160K, reserved 1048576K
}
Event: 6.790 GC heap after
{Heap after GC invocations=10 (full 0):
 garbage-first heap   total 51200K, used 19280K [0x00000000c3a00000, 0x0000000100000000)
  region size 1024K, 2 young (2048K), 2 survivors (2048K)
 Metaspace       used 31094K, committed 31552K, reserved 1114112K
  class space    used 3940K, committed 4160K, reserved 1048576K
}
Event: 7.319 GC heap before
{Heap before GC invocations=10 (full 0):
 garbage-first heap   total 51200K, used 34640K [0x00000000c3a00000, 0x0000000100000000)
  region size 1024K, 18 young (18432K), 2 survivors (2048K)
 Metaspace       used 35625K, committed 36096K, reserved 1114112K
  class space    used 4631K, committed 4864K, reserved 1048576K
}
Event: 7.324 GC heap after
{Heap after GC invocations=11 (full 0):
 garbage-first heap   total 76800K, used 19838K [0x00000000c3a00000, 0x0000000100000000)
  region size 1024K, 3 young (3072K), 3 survivors (3072K)
 Metaspace       used 35625K, committed 36096K, reserved 1114112K
  class space    used 4631K, committed 4864K, reserved 1048576K
}
Event: 8.831 GC heap before
{Heap before GC invocations=12 (full 0):
 garbage-first heap   total 75776K, used 55678K [0x00000000c3a00000, 0x0000000100000000)
  region size 1024K, 39 young (39936K), 3 survivors (3072K)
 Metaspace       used 48101K, committed 48576K, reserved 1114112K
  class space    used 6116K, committed 6336K, reserved 1048576K
}
Event: 8.839 GC heap after
{Heap after GC invocations=13 (full 0):
 garbage-first heap   total 75776K, used 23040K [0x00000000c3a00000, 0x0000000100000000)
  region size 1024K, 5 young (5120K), 5 survivors (5120K)
 Metaspace       used 48101K, committed 48576K, reserved 1114112K
  class space    used 6116K, committed 6336K, reserved 1048576K
}
Event: 8.867 GC heap before
{Heap before GC invocations=13 (full 0):
 garbage-first heap   total 75776K, used 24064K [0x00000000c3a00000, 0x0000000100000000)
  region size 1024K, 6 young (6144K), 5 survivors (5120K)
 Metaspace       used 48329K, committed 48832K, reserved 1114112K
  class space    used 6148K, committed 6400K, reserved 1048576K
}
Event: 8.873 GC heap after
{Heap after GC invocations=14 (full 0):
 garbage-first heap   total 75776K, used 23818K [0x00000000c3a00000, 0x0000000100000000)
  region size 1024K, 1 young (1024K), 1 survivors (1024K)
 Metaspace       used 48329K, committed 48832K, reserved 1114112K
  class space    used 6148K, committed 6400K, reserved 1048576K
}
Event: 9.691 GC heap before
{Heap before GC invocations=14 (full 0):
 garbage-first heap   total 75776K, used 54538K [0x00000000c3a00000, 0x0000000100000000)
  region size 1024K, 32 young (32768K), 1 survivors (1024K)
 Metaspace       used 56975K, committed 57472K, reserved 1114112K
  class space    used 7463K, committed 7680K, reserved 1048576K
}
Event: 9.695 GC heap after
{Heap after GC invocations=15 (full 0):
 garbage-first heap   total 75776K, used 24339K [0x00000000c3a00000, 0x0000000100000000)
  region size 1024K, 2 young (2048K), 2 survivors (2048K)
 Metaspace       used 56975K, committed 57472K, reserved 1114112K
  class space    used 7463K, committed 7680K, reserved 1048576K
}
Event: 10.195 GC heap before
{Heap before GC invocations=15 (full 0):
 garbage-first heap   total 75776K, used 38675K [0x00000000c3a00000, 0x0000000100000000)
  region size 1024K, 17 young (17408K), 2 survivors (2048K)
 Metaspace       used 60049K, committed 60608K, reserved 1114112K
  class space    used 7861K, committed 8128K, reserved 1048576K
}
Event: 10.201 GC heap after
{Heap after GC invocations=16 (full 0):
 garbage-first heap   total 75776K, used 25735K [0x00000000c3a00000, 0x0000000100000000)
  region size 1024K, 3 young (3072K), 3 survivors (3072K)
 Metaspace       used 60049K, committed 60608K, reserved 1114112K
  class space    used 7861K, committed 8128K, reserved 1048576K
}
Event: 10.967 GC heap before
{Heap before GC invocations=17 (full 0):
 garbage-first heap   total 75776K, used 57479K [0x00000000c3a00000, 0x0000000100000000)
  region size 1024K, 35 young (35840K), 3 survivors (3072K)
 Metaspace       used 65669K, committed 66304K, reserved 1114112K
  class space    used 8885K, committed 9216K, reserved 1048576K
}
Event: 10.976 GC heap after
{Heap after GC invocations=18 (full 0):
 garbage-first heap   total 75776K, used 27946K [0x00000000c3a00000, 0x0000000100000000)
  region size 1024K, 4 young (4096K), 4 survivors (4096K)
 Metaspace       used 65669K, committed 66304K, reserved 1114112K
  class space    used 8885K, committed 9216K, reserved 1048576K
}
Event: 10.984 GC heap before
{Heap before GC invocations=18 (full 0):
 garbage-first heap   total 75776K, used 28970K [0x00000000c3a00000, 0x0000000100000000)
  region size 1024K, 5 young (5120K), 4 survivors (4096K)
 Metaspace       used 65685K, committed 66304K, reserved 1114112K
  class space    used 8885K, committed 9216K, reserved 1048576K
}
Event: 10.992 GC heap after
{Heap after GC invocations=19 (full 0):
 garbage-first heap   total 75776K, used 28735K [0x00000000c3a00000, 0x0000000100000000)
  region size 1024K, 1 young (1024K), 1 survivors (1024K)
 Metaspace       used 65685K, committed 66304K, reserved 1114112K
  class space    used 8885K, committed 9216K, reserved 1048576K
}
Event: 11.272 GC heap before
{Heap before GC invocations=19 (full 0):
 garbage-first heap   total 75776K, used 57407K [0x00000000c3a00000, 0x0000000100000000)
  region size 1024K, 30 young (30720K), 1 survivors (1024K)
 Metaspace       used 67068K, committed 67648K, reserved 1114112K
  class space    used 9052K, committed 9344K, reserved 1048576K
}
Event: 11.276 GC heap after
{Heap after GC invocations=20 (full 0):
 garbage-first heap   total 75776K, used 29418K [0x00000000c3a00000, 0x0000000100000000)
  region size 1024K, 2 young (2048K), 2 survivors (2048K)
 Metaspace       used 67068K, committed 67648K, reserved 1114112K
  class space    used 9052K, committed 9344K, reserved 1048576K
}
Event: 11.484 GC heap before
{Heap before GC invocations=20 (full 0):
 garbage-first heap   total 75776K, used 59114K [0x00000000c3a00000, 0x0000000100000000)
  region size 1024K, 31 young (31744K), 2 survivors (2048K)
 Metaspace       used 67344K, committed 68032K, reserved 1114112K
  class space    used 9087K, committed 9408K, reserved 1048576K
}
Event: 11.489 GC heap after
{Heap after GC invocations=21 (full 0):
 garbage-first heap   total 182272K, used 29515K [0x00000000c3a00000, 0x0000000100000000)
  region size 1024K, 2 young (2048K), 2 survivors (2048K)
 Metaspace       used 67344K, committed 68032K, reserved 1114112K
  class space    used 9087K, committed 9408K, reserved 1048576K
}

Dll operation events (12 events):
Event: 0.015 Loaded shared library C:\Program Files\Java\jdk-19.0.1\bin\java.dll
Event: 0.027 Loaded shared library C:\Program Files\Java\jdk-19.0.1\bin\jsvml.dll
Event: 0.211 Loaded shared library C:\Program Files\Java\jdk-19.0.1\bin\zip.dll
Event: 0.216 Loaded shared library C:\Program Files\Java\jdk-19.0.1\bin\instrument.dll
Event: 0.225 Loaded shared library C:\Program Files\Java\jdk-19.0.1\bin\net.dll
Event: 0.228 Loaded shared library C:\Program Files\Java\jdk-19.0.1\bin\nio.dll
Event: 0.232 Loaded shared library C:\Program Files\Java\jdk-19.0.1\bin\zip.dll
Event: 0.251 Loaded shared library C:\Program Files\JetBrains\IntelliJ IDEA Community Edition 2023.2\bin\breakgen64.dll
Event: 0.268 Loaded shared library C:\Program Files\Java\jdk-19.0.1\bin\extnet.dll
Event: 0.406 Loaded shared library C:\Program Files\Java\jdk-19.0.1\bin\jimage.dll
Event: 3.545 Loaded shared library C:\Program Files\Java\jdk-19.0.1\bin\sunmscapi.dll
Event: 7.097 Loaded shared library C:\Program Files\Java\jdk-19.0.1\bin\verify.dll

Deoptimization events (20 events):
Event: 12.033 Thread 0x0000022e602515f0 Uncommon trap: trap_request=0xffffff45 fr.pc=0x0000022e6fd285bc relative=0x00000000000012dc
Event: 12.033 Thread 0x0000022e602515f0 Uncommon trap: reason=unstable_if action=reinterpret pc=0x0000022e6fd285bc method=java.util.concurrent.ConcurrentHashMap.transfer([Ljava/util/concurrent/ConcurrentHashMap$Node;[Ljava/util/concurrent/ConcurrentHashMap$Node;)V @ 352 c2
Event: 12.033 Thread 0x0000022e602515f0 DEOPT PACKING pc=0x0000022e6fd285bc sp=0x0000004606ef8600
Event: 12.033 Thread 0x0000022e602515f0 DEOPT UNPACKING pc=0x0000022e6f70a5a3 sp=0x0000004606ef8598 mode 2
Event: 12.097 Thread 0x0000022e602515f0 Uncommon trap: trap_request=0xffffffc6 fr.pc=0x0000022e6ff34f3c relative=0x00000000000016bc
Event: 12.097 Thread 0x0000022e602515f0 Uncommon trap: reason=bimorphic_or_optimized_type_check action=maybe_recompile pc=0x0000022e6ff34f3c method=org.springframework.core.annotation.AnnotationsScanner.processMethodHierarchy(Ljava/lang/Object;[ILjava/lang/Class;Lorg/springframework/core/annota
Event: 12.097 Thread 0x0000022e602515f0 DEOPT PACKING pc=0x0000022e6ff34f3c sp=0x0000004606ef8f50
Event: 12.097 Thread 0x0000022e602515f0 DEOPT UNPACKING pc=0x0000022e6f70a5a3 sp=0x0000004606ef8f38 mode 2
Event: 12.119 Thread 0x0000022e602515f0 Uncommon trap: trap_request=0xffffffc6 fr.pc=0x0000022e6ff34f3c relative=0x00000000000016bc
Event: 12.119 Thread 0x0000022e602515f0 Uncommon trap: reason=bimorphic_or_optimized_type_check action=maybe_recompile pc=0x0000022e6ff34f3c method=org.springframework.core.annotation.AnnotationsScanner.processMethodHierarchy(Ljava/lang/Object;[ILjava/lang/Class;Lorg/springframework/core/annota
Event: 12.119 Thread 0x0000022e602515f0 DEOPT PACKING pc=0x0000022e6ff34f3c sp=0x0000004606ef8f50
Event: 12.119 Thread 0x0000022e602515f0 DEOPT UNPACKING pc=0x0000022e6f70a5a3 sp=0x0000004606ef8f38 mode 2
Event: 12.124 Thread 0x0000022e602515f0 Uncommon trap: trap_request=0xffffffc6 fr.pc=0x0000022e6ff34f3c relative=0x00000000000016bc
Event: 12.124 Thread 0x0000022e602515f0 Uncommon trap: reason=bimorphic_or_optimized_type_check action=maybe_recompile pc=0x0000022e6ff34f3c method=org.springframework.core.annotation.AnnotationsScanner.processMethodHierarchy(Ljava/lang/Object;[ILjava/lang/Class;Lorg/springframework/core/annota
Event: 12.124 Thread 0x0000022e602515f0 DEOPT PACKING pc=0x0000022e6ff34f3c sp=0x0000004606ef8f50
Event: 12.124 Thread 0x0000022e602515f0 DEOPT UNPACKING pc=0x0000022e6f70a5a3 sp=0x0000004606ef8f38 mode 2
Event: 12.125 Thread 0x0000022e602515f0 Uncommon trap: trap_request=0xffffffc6 fr.pc=0x0000022e6ff34f3c relative=0x00000000000016bc
Event: 12.125 Thread 0x0000022e602515f0 Uncommon trap: reason=bimorphic_or_optimized_type_check action=maybe_recompile pc=0x0000022e6ff34f3c method=org.springframework.core.annotation.AnnotationsScanner.processMethodHierarchy(Ljava/lang/Object;[ILjava/lang/Class;Lorg/springframework/core/annota
Event: 12.125 Thread 0x0000022e602515f0 DEOPT PACKING pc=0x0000022e6ff34f3c sp=0x0000004606ef8f50
Event: 12.125 Thread 0x0000022e602515f0 DEOPT UNPACKING pc=0x0000022e6f70a5a3 sp=0x0000004606ef8f38 mode 2

Classes loaded (20 events):
Event: 11.731 Loading class java/nio/StringCharBuffer
Event: 11.731 Loading class java/nio/StringCharBuffer done
Event: 11.732 Loading class javax/crypto/SecretKeyFactory
Event: 11.733 Loading class javax/crypto/SecretKeyFactory done
Event: 11.733 Loading class com/sun/crypto/provider/PBKDF2Core$HmacSHA256
Event: 11.733 Loading class com/sun/crypto/provider/PBKDF2Core
Event: 11.733 Loading class javax/crypto/SecretKeyFactorySpi
Event: 11.733 Loading class javax/crypto/SecretKeyFactorySpi done
Event: 11.733 Loading class com/sun/crypto/provider/PBKDF2Core done
Event: 11.733 Loading class com/sun/crypto/provider/PBKDF2Core$HmacSHA256 done
Event: 12.102 Loading class java/util/regex/PatternSyntaxException
Event: 12.102 Loading class java/util/regex/PatternSyntaxException done
Event: 12.108 Loading class java/util/Comparators$NullComparator
Event: 12.109 Loading class java/util/Comparators$NullComparator done
Event: 12.248 Loading class java/util/EnumMap$EntrySet
Event: 12.248 Loading class java/util/EnumMap$EntrySet done
Event: 12.248 Loading class java/util/EnumMap$EntryIterator
Event: 12.249 Loading class java/util/EnumMap$EnumMapIterator
Event: 12.249 Loading class java/util/EnumMap$EnumMapIterator done
Event: 12.249 Loading class java/util/EnumMap$EntryIterator done

Classes unloaded (0 events):
No events

Classes redefined (0 events):
No events

Internal exceptions (20 events):
Event: 9.674 Thread 0x0000022e602515f0 Exception <a 'java/lang/NoSuchMethodError'{0x00000000c644da10}: 'java.lang.Object java.lang.invoke.DirectMethodHandle$Holder.newInvokeSpecial(java.lang.Object, java.lang.Object, java.lang.Object, java.lang.Object, java.lang.Object, java.lang.Object, java.lang.Object, java.lang.Object, java.lang.Object, java.lang.Object, java.lang.Object, java.lang.Object)'> (0x00000000c644da10) 
thrown [s\open\src\hotspot\share\interpreter\linkResolver.cpp, line 774]
Event: 9.674 Thread 0x0000022e602515f0 Exception <a 'java/lang/NoSuchMethodError'{0x00000000c6452d60}: 'java.lang.Object java.lang.invoke.DirectMethodHandle$Holder.invokeSpecial(java.lang.Object, java.lang.Object, java.lang.Object, java.lang.Object, java.lang.Object, java.lang.Object, java.lang.Object, java.lang.Object, java.lang.Object, java.lang.Object, java.lang.Object, java.lang.Object, java.lang.Object)'> (0x00000000c6452d60) 
thrown [s\open\src\hotspot\share\interpreter\linkResolver.cpp, line 774]
Event: 9.674 Thread 0x0000022e602515f0 Exception <a 'java/lang/NoSuchMethodError'{0x00000000c6457cd8}: 'java.lang.Object java.lang.invoke.Invokers$Holder.linkToTargetMethod(java.lang.Object, java.lang.Object, java.lang.Object, java.lang.Object, java.lang.Object, java.lang.Object, java.lang.Object, java.lang.Object, java.lang.Object, java.lang.Object, java.lang.Object, java.lang.Object)'> (0x00000000c6457cd8) 
thrown [s\open\src\hotspot\share\interpreter\linkResolver.cpp, line 774]
Event: 9.726 Thread 0x0000022e602515f0 Exception <a 'java/lang/NoSuchMethodError'{0x00000000c8268868}: 'java.lang.Object java.lang.invoke.DirectMethodHandle$Holder.newInvokeSpecial(java.lang.Object, java.lang.Object, java.lang.Object, java.lang.Object, java.lang.Object, java.lang.Object, java.lang.Object, int)'> (0x00000000c8268868) 
thrown [s\open\src\hotspot\share\interpreter\linkResolver.cpp, line 774]
Event: 9.726 Thread 0x0000022e602515f0 Exception <a 'java/lang/NoSuchMethodError'{0x00000000c826e088}: 'java.lang.Object java.lang.invoke.DirectMethodHandle$Holder.invokeSpecial(java.lang.Object, java.lang.Object, java.lang.Object, java.lang.Object, java.lang.Object, java.lang.Object, java.lang.Object, java.lang.Object, int)'> (0x00000000c826e088) 
thrown [s\open\src\hotspot\share\interpreter\linkResolver.cpp, line 774]
Event: 9.727 Thread 0x0000022e602515f0 Exception <a 'java/lang/NoSuchMethodError'{0x00000000c8273370}: 'java.lang.Object java.lang.invoke.Invokers$Holder.linkToTargetMethod(java.lang.Object, java.lang.Object, java.lang.Object, java.lang.Object, java.lang.Object, java.lang.Object, int, java.lang.Object)'> (0x00000000c8273370) 
thrown [s\open\src\hotspot\share\interpreter\linkResolver.cpp, line 774]
Event: 9.751 Thread 0x0000022e602515f0 Exception <a 'java/lang/NoSuchMethodError'{0x00000000c8161058}: 'java.lang.Object java.lang.invoke.DirectMethodHandle$Holder.newInvokeSpecial(java.lang.Object, java.lang.Object, int, java.lang.Object, int, java.lang.Object, java.lang.Object)'> (0x00000000c8161058) 
thrown [s\open\src\hotspot\share\interpreter\linkResolver.cpp, line 774]
Event: 9.993 Thread 0x0000022e602515f0 Exception <a 'java/lang/NoSuchMethodError'{0x00000000c7df62b8}: 'java.lang.Object java.lang.invoke.DirectMethodHandle$Holder.invokeSpecial(java.lang.Object, java.lang.Object, int, java.lang.Object, int)'> (0x00000000c7df62b8) 
thrown [s\open\src\hotspot\share\interpreter\linkResolver.cpp, line 774]
Event: 10.040 Thread 0x0000022e602515f0 Exception <a 'java/lang/NoSuchMethodError'{0x00000000c7cbb7c0}: 'void java.lang.invoke.Invokers$Holder.invokeExact_MT(java.lang.Object, java.lang.Object, java.lang.Object, java.lang.Object)'> (0x00000000c7cbb7c0) 
thrown [s\open\src\hotspot\share\interpreter\linkResolver.cpp, line 774]
Event: 10.106 Thread 0x0000022e602515f0 Exception <a 'java/lang/IncompatibleClassChangeError'{0x00000000c78a0230}: Found class java.lang.Object, but interface was expected> (0x00000000c78a0230) 
thrown [s\open\src\hotspot\share\interpreter\linkResolver.cpp, line 841]
Event: 10.123 Thread 0x0000022e602515f0 Exception <a 'java/lang/IncompatibleClassChangeError'{0x00000000c771f208}: Found class java.lang.Object, but interface was expected> (0x00000000c771f208) 
thrown [s\open\src\hotspot\share\interpreter\linkResolver.cpp, line 841]
Event: 10.180 Thread 0x0000022e602515f0 Exception <a 'java/lang/IncompatibleClassChangeError'{0x00000000c7683688}: Found class java.lang.Object, but interface was expected> (0x00000000c7683688) 
thrown [s\open\src\hotspot\share\interpreter\linkResolver.cpp, line 841]
Event: 10.411 Thread 0x0000022e602515f0 Exception <a 'java/lang/IncompatibleClassChangeError'{0x00000000c7d4d4d8}: Found class java.lang.Object, but interface was expected> (0x00000000c7d4d4d8) 
thrown [s\open\src\hotspot\share\interpreter\linkResolver.cpp, line 841]
Event: 10.572 Thread 0x0000022e602515f0 Exception <a 'java/lang/IncompatibleClassChangeError'{0x00000000c71fcd88}: Found class java.lang.Object, but interface was expected> (0x00000000c71fcd88) 
thrown [s\open\src\hotspot\share\interpreter\linkResolver.cpp, line 841]
Event: 10.644 Thread 0x0000022e602515f0 Exception <a 'java/lang/NoSuchMethodError'{0x00000000c6fb4698}: 'java.lang.Object java.lang.invoke.DirectMethodHandle$Holder.invokeStatic(java.lang.Object, int, java.lang.Object)'> (0x00000000c6fb4698) 
thrown [s\open\src\hotspot\share\interpreter\linkResolver.cpp, line 774]
Event: 11.550 Thread 0x0000022e602515f0 Exception <a 'java/lang/NoSuchMethodError'{0x00000000ce56c5d0}: 'java.lang.Object java.lang.invoke.DirectMethodHandle$Holder.invokeInterface(java.lang.Object, java.lang.Object, int)'> (0x00000000ce56c5d0) 
thrown [s\open\src\hotspot\share\interpreter\linkResolver.cpp, line 774]
Event: 11.697 Thread 0x0000022e602515f0 Implicit null exception at 0x0000022e6fe1dd1e to 0x0000022e6fe1de50
Event: 11.910 Thread 0x0000022e602515f0 Exception <a 'java/lang/NoSuchMethodError'{0x00000000cd040228}: 'java.lang.Object java.lang.invoke.DirectMethodHandle$Holder.newInvokeSpecial(java.lang.Object, java.lang.Object, java.lang.Object, java.lang.Object, java.lang.Object, java.lang.Object, java.lang.Object, java.lang.Object)'> (0x00000000cd040228) 
thrown [s\open\src\hotspot\share\interpreter\linkResolver.cpp, line 774]
Event: 12.220 Thread 0x0000022e602515f0 Exception <a 'sun/nio/fs/WindowsException'{0x00000000cc544770}> (0x00000000cc544770) 
thrown [s\open\src\hotspot\share\prims\jni.cpp, line 517]
Event: 12.223 Thread 0x0000022e602515f0 Exception <a 'sun/nio/fs/WindowsException'{0x00000000cc54b520}> (0x00000000cc54b520) 
thrown [s\open\src\hotspot\share\prims\jni.cpp, line 517]

VM Operations (20 events):
Event: 10.831 Executing VM operation: HandshakeAllThreads
Event: 10.831 Executing VM operation: HandshakeAllThreads done
Event: 10.967 Executing VM operation: G1CollectForAllocation
Event: 10.976 Executing VM operation: G1CollectForAllocation done
Event: 10.983 Executing VM operation: G1CollectForAllocation
Event: 10.992 Executing VM operation: G1CollectForAllocation done
Event: 11.072 Executing VM operation: HandshakeAllThreads
Event: 11.073 Executing VM operation: HandshakeAllThreads done
Event: 11.271 Executing VM operation: G1CollectForAllocation
Event: 11.276 Executing VM operation: G1CollectForAllocation done
Event: 11.484 Executing VM operation: G1CollectForAllocation
Event: 11.489 Executing VM operation: G1CollectForAllocation done
Event: 11.732 Executing VM operation: HandshakeAllThreads
Event: 11.732 Executing VM operation: HandshakeAllThreads done
Event: 12.082 Executing VM operation: HandshakeAllThreads
Event: 12.082 Executing VM operation: HandshakeAllThreads done
Event: 12.129 Executing VM operation: HandshakeAllThreads
Event: 12.129 Executing VM operation: HandshakeAllThreads done
Event: 12.144 Executing VM operation: ICBufferFull
Event: 12.145 Executing VM operation: ICBufferFull done

Events (20 events):
Event: 10.206 Thread 0x0000022e7b85a5e0 flushing nmethod 0x0000022e68c02f90
Event: 10.206 Thread 0x0000022e7b85a5e0 flushing nmethod 0x0000022e68c03310
Event: 10.206 Thread 0x0000022e7b85a5e0 flushing nmethod 0x0000022e68c04490
Event: 10.206 Thread 0x0000022e7b85a5e0 flushing nmethod 0x0000022e68c04910
Event: 10.206 Thread 0x0000022e7b85a5e0 flushing nmethod 0x0000022e68c04e90
Event: 10.206 Thread 0x0000022e7b85a5e0 flushing nmethod 0x0000022e68c0ab90
Event: 10.206 Thread 0x0000022e7b85a5e0 flushing nmethod 0x0000022e68c0ee90
Event: 10.206 Thread 0x0000022e7b85a5e0 flushing nmethod 0x0000022e68c10f10
Event: 10.206 Thread 0x0000022e7b85a5e0 flushing nmethod 0x0000022e68c11610
Event: 10.206 Thread 0x0000022e7b85a5e0 flushing nmethod 0x0000022e68c12110
Event: 10.206 Thread 0x0000022e7b85a5e0 flushing nmethod 0x0000022e68c13910
Event: 10.206 Thread 0x0000022e7b85a5e0 flushing nmethod 0x0000022e68c22a10
Event: 10.206 Thread 0x0000022e7b85a5e0 flushing nmethod 0x0000022e68c26010
Event: 10.206 Thread 0x0000022e7b85a5e0 flushing nmethod 0x0000022e68ccc990
Event: 10.207 Thread 0x0000022e7b85a5e0 flushing nmethod 0x0000022e68cd7890
Event: 10.207 Thread 0x0000022e7b85a5e0 flushing nmethod 0x0000022e68cd7d90
Event: 10.207 Thread 0x0000022e7b85a5e0 flushing nmethod 0x0000022e68cd8890
Event: 10.207 Thread 0x0000022e7b85a5e0 flushing nmethod 0x0000022e68ce5d10
Event: 10.207 Thread 0x0000022e7b85a5e0 flushing nmethod 0x0000022e68ce6b10
Event: 10.207 Thread 0x0000022e7b85a5e0 flushing nmethod 0x0000022e68ce6e90


Dynamic libraries:
0x00007ff70c9e0000 - 0x00007ff70c9f0000 	C:\Program Files\Java\jdk-19.0.1\bin\java.exe
0x00007ffbc6890000 - 0x00007ffbc6aa6000 	C:\WINDOWS\SYSTEM32\ntdll.dll
0x00007ffbc5a50000 - 0x00007ffbc5b14000 	C:\WINDOWS\System32\KERNEL32.DLL
0x00007ffbc3cf0000 - 0x00007ffbc4096000 	C:\WINDOWS\System32\KERNELBASE.dll
0x0000000073750000 - 0x0000000073a82000 	C:\Program Files\Norton Security\NortonData\22.22.4.11\Definitions\IPSDefs\20240321.064\IPSEng64.dll
0x00007ffbc49b0000 - 0x00007ffbc4a62000 	C:\WINDOWS\System32\ADVAPI32.dll
0x00007ffbc61d0000 - 0x00007ffbc6277000 	C:\WINDOWS\System32\msvcrt.dll
0x00007ffbc67a0000 - 0x00007ffbc6848000 	C:\WINDOWS\System32\sechost.dll
0x00007ffbc40a0000 - 0x00007ffbc40c8000 	C:\WINDOWS\System32\bcrypt.dll
0x00007ffbc56f0000 - 0x00007ffbc5805000 	C:\WINDOWS\System32\RPCRT4.dll
0x00007ffbc5ba0000 - 0x00007ffbc5ba8000 	C:\WINDOWS\System32\PSAPI.DLL
0x00007ffbc43a0000 - 0x00007ffbc44b1000 	C:\WINDOWS\System32\ucrtbase.dll
0x00007ffbb3c10000 - 0x00007ffbb3c2b000 	C:\Program Files\Java\jdk-19.0.1\bin\VCRUNTIME140.dll
0x00007ffbbcee0000 - 0x00007ffbbcef8000 	C:\Program Files\Java\jdk-19.0.1\bin\jli.dll
0x00007ffbc6490000 - 0x00007ffbc663d000 	C:\WINDOWS\System32\USER32.dll
0x00007ffbc4300000 - 0x00007ffbc4326000 	C:\WINDOWS\System32\win32u.dll
0x00007ffbc5a10000 - 0x00007ffbc5a39000 	C:\WINDOWS\System32\GDI32.dll
0x00007ffbc3bd0000 - 0x00007ffbc3ce8000 	C:\WINDOWS\System32\gdi32full.dll
0x00007ffbb30b0000 - 0x00007ffbb3343000 	C:\WINDOWS\WinSxS\amd64_microsoft.windows.common-controls_6595b64144ccf1df_6.0.22621.3235_none_270f74e173860f98\COMCTL32.dll
0x00007ffbc44c0000 - 0x00007ffbc455a000 	C:\WINDOWS\System32\msvcp_win.dll
0x00007ffbb9b00000 - 0x00007ffbb9b0a000 	C:\WINDOWS\SYSTEM32\VERSION.dll
0x00007ffbc4970000 - 0x00007ffbc49a1000 	C:\WINDOWS\System32\IMM32.DLL
0x00007ffbc05a0000 - 0x00007ffbc05ac000 	C:\Program Files\Java\jdk-19.0.1\bin\vcruntime140_1.dll
0x00007ffb88bb0000 - 0x00007ffb88c3e000 	C:\Program Files\Java\jdk-19.0.1\bin\msvcp140.dll
0x00007ffb761e0000 - 0x00007ffb76ea0000 	C:\Program Files\Java\jdk-19.0.1\bin\server\jvm.dll
0x00007ffbb9e50000 - 0x00007ffbb9e84000 	C:\WINDOWS\SYSTEM32\WINMM.dll
0x00007ffbb1400000 - 0x00007ffbb1409000 	C:\WINDOWS\SYSTEM32\WSOCK32.dll
0x00007ffbc5b20000 - 0x00007ffbc5b91000 	C:\WINDOWS\System32\WS2_32.dll
0x00007ffbc2c10000 - 0x00007ffbc2c28000 	C:\WINDOWS\SYSTEM32\kernel.appcore.dll
0x00007ffbb53e0000 - 0x00007ffbb53ea000 	C:\Program Files\Java\jdk-19.0.1\bin\jimage.dll
0x00007ffbc14f0000 - 0x00007ffbc1723000 	C:\WINDOWS\SYSTEM32\DBGHELP.DLL
0x00007ffbc45e0000 - 0x00007ffbc4968000 	C:\WINDOWS\System32\combase.dll
0x00007ffbc5bd0000 - 0x00007ffbc5ca7000 	C:\WINDOWS\System32\OLEAUT32.dll
0x00007ffb9f8b0000 - 0x00007ffb9f8e2000 	C:\WINDOWS\SYSTEM32\dbgcore.DLL
0x00007ffbc4560000 - 0x00007ffbc45da000 	C:\WINDOWS\System32\bcryptPrimitives.dll
0x00007ffbb99c0000 - 0x00007ffbb99ce000 	C:\Program Files\Java\jdk-19.0.1\bin\instrument.dll
0x00007ffbb3be0000 - 0x00007ffbb3c06000 	C:\Program Files\Java\jdk-19.0.1\bin\java.dll
0x00007ffb875e0000 - 0x00007ffb876b7000 	C:\Program Files\Java\jdk-19.0.1\bin\jsvml.dll
0x00007ffbc4cd0000 - 0x00007ffbc552d000 	C:\WINDOWS\System32\SHELL32.dll
0x00007ffbc1b30000 - 0x00007ffbc2428000 	C:\WINDOWS\SYSTEM32\windows.storage.dll
0x00007ffbc19f0000 - 0x00007ffbc1b2e000 	C:\WINDOWS\SYSTEM32\wintypes.dll
0x00007ffbc6640000 - 0x00007ffbc6733000 	C:\WINDOWS\System32\SHCORE.dll
0x00007ffbc4c70000 - 0x00007ffbc4cce000 	C:\WINDOWS\System32\shlwapi.dll
0x00007ffbc3b00000 - 0x00007ffbc3b26000 	C:\WINDOWS\SYSTEM32\profapi.dll
0x00007ffb92cc0000 - 0x00007ffb92cd8000 	C:\Program Files\Java\jdk-19.0.1\bin\zip.dll
0x00007ffbb3bc0000 - 0x00007ffbb3bd3000 	C:\Program Files\Java\jdk-19.0.1\bin\net.dll
0x00007ffbbb430000 - 0x00007ffbbb567000 	C:\WINDOWS\SYSTEM32\WINHTTP.dll
0x00007ffbc3090000 - 0x00007ffbc30f9000 	C:\WINDOWS\system32\mswsock.dll
0x00007ffbb3b60000 - 0x00007ffbb3b76000 	C:\Program Files\Java\jdk-19.0.1\bin\nio.dll
0x00007ffbb2f20000 - 0x00007ffbb2f3a000 	C:\Program Files\JetBrains\IntelliJ IDEA Community Edition 2023.2\bin\breakgen64.dll
0x00007ffbb3bb0000 - 0x00007ffbb3bb8000 	C:\Program Files\Java\jdk-19.0.1\bin\extnet.dll
0x00007ffbb3830000 - 0x00007ffbb383e000 	C:\Program Files\Java\jdk-19.0.1\bin\sunmscapi.dll
0x00007ffbc4190000 - 0x00007ffbc42f6000 	C:\WINDOWS\System32\CRYPT32.dll
0x00007ffbc3480000 - 0x00007ffbc34ae000 	C:\WINDOWS\SYSTEM32\ncrypt.dll
0x00007ffbc3440000 - 0x00007ffbc3477000 	C:\WINDOWS\SYSTEM32\NTASN1.dll
0x00007ffbc32e0000 - 0x00007ffbc32fb000 	C:\WINDOWS\SYSTEM32\CRYPTSP.dll
0x00007ffbc2b70000 - 0x00007ffbc2ba5000 	C:\WINDOWS\system32\rsaenh.dll
0x00007ffbc3180000 - 0x00007ffbc31ac000 	C:\WINDOWS\SYSTEM32\USERENV.dll
0x00007ffbc3300000 - 0x00007ffbc330c000 	C:\WINDOWS\SYSTEM32\CRYPTBASE.dll
0x00007ffbc26d0000 - 0x00007ffbc26fd000 	C:\WINDOWS\SYSTEM32\IPHLPAPI.DLL
0x00007ffbc5d40000 - 0x00007ffbc5d49000 	C:\WINDOWS\System32\NSI.dll
0x00007ffbbbfd0000 - 0x00007ffbbbfe9000 	C:\WINDOWS\SYSTEM32\dhcpcsvc6.DLL
0x00007ffbbb410000 - 0x00007ffbbb42f000 	C:\WINDOWS\SYSTEM32\dhcpcsvc.DLL
0x00007ffbc2750000 - 0x00007ffbc2849000 	C:\WINDOWS\SYSTEM32\DNSAPI.dll
0x00007ffbb3610000 - 0x00007ffbb3620000 	C:\Program Files\Java\jdk-19.0.1\bin\verify.dll
0x00007ffbb4f70000 - 0x00007ffbb4f7a000 	C:\Windows\System32\rasadhlp.dll
0x00007ffbb5ce0000 - 0x00007ffbb5d63000 	C:\WINDOWS\System32\fwpuclnt.dll

dbghelp: loaded successfully - version: 4.0.5 - missing functions: none
symbol engine: initialized successfully - sym options: 0x614 - pdb path: .;C:\Program Files\Java\jdk-19.0.1\bin;C:\WINDOWS\SYSTEM32;C:\Program Files\Norton Security\NortonData\22.22.4.11\Definitions\IPSDefs\20240321.064;C:\WINDOWS\WinSxS\amd64_microsoft.windows.common-controls_6595b64144ccf1df_6.0.22621.3235_none_270f74e173860f98;C:\Program Files\Java\jdk-19.0.1\bin\server;C:\Program Files\JetBrains\IntelliJ IDEA Community Edition 2023.2\bin

VM Arguments:
jvm_args: -ea -Didea.test.cyclic.buffer.size=1048576 -javaagent:C:\Program Files\JetBrains\IntelliJ IDEA Community Edition 2023.2\lib\idea_rt.jar=55239:C:\Program Files\JetBrains\IntelliJ IDEA Community Edition 2023.2\bin -Dfile.encoding=UTF-8 -Dsun.stdout.encoding=UTF-8 -Dsun.stderr.encoding=UTF-8 
java_command: com.intellij.rt.junit.JUnitStarter -ideVersion5 -junit5 com.banking_api.banking_api.controller.WithdrawControllerTest,testWithdrawEndpoint
java_class_path (initial): C:\Users\Mariel\.m2\repository\org\junit\platform\junit-platform-launcher\1.10.2\junit-platform-launcher-1.10.2.jar;C:\Program Files\JetBrains\IntelliJ IDEA Community Edition 2023.2\lib\idea_rt.jar;C:\Program Files\JetBrains\IntelliJ IDEA Community Edition 2023.2\plugins\junit\lib\junit5-rt.jar;C:\Program Files\JetBrains\IntelliJ IDEA Community Edition 2023.2\plugins\junit\lib\junit-rt.jar;C:\Users\Mariel\IdeaProjects\banking api\banking-api\banking_api\target\test-classes;C:\Users\Mariel\IdeaProjects\banking api\banking-api\banking_api\target\classes;C:\Users\Mariel\.m2\repository\org\springframework\boot\spring-boot-starter-data-jpa\3.2.3\spring-boot-starter-data-jpa-3.2.3.jar;C:\Users\Mariel\.m2\repository\org\springframework\boot\spring-boot-starter-aop\3.2.3\spring-boot-starter-aop-3.2.3.jar;C:\Users\Mariel\.m2\repository\org\aspectj\aspectjweaver\1.9.21\aspectjweaver-1.9.21.jar;C:\Users\Mariel\.m2\repository\org\springframework\boot\spring-boot-starter-jdbc\3.2.3\spring-boot-starter-jdbc-3.2.3.jar;C:\Users\Mariel\.m2\repository\com\zaxxer\HikariCP\5.0.1\HikariCP-5.0.1.jar;C:\Users\Mariel\.m2\repository\org\springframework\spring-jdbc\6.1.4\spring-jdbc-6.1.4.jar;C:\Users\Mariel\.m2\repository\org\hibernate\orm\hibernate-core\6.4.4.Final\hibernate-core-6.4.4.Final.jar;C:\Users\Mariel\.m2\repository\jakarta\persistence\jakarta.persistence-api\3.1.0\jakarta.persistence-api-3.1.0.jar;C:\Users\Mariel\.m2\repository\jakarta\transaction\jakarta.transaction-api\2.0.1\jakarta.transaction-api-2.0.1.jar;C:\Users\Mariel\.m2\repository\org\jboss\logging\jboss-logging\3.5.3.Final\jboss-logging-3.5.3.Final.jar;C:\Users\Mariel\.m2\repository\org\hibernate\common\hibernate-commons-annotations\6.0.6.Final\hibernate-commons-annotations-6.0.6.Final.jar;C:\Users\Mariel\.m2\repository\io\smallrye\jandex\3.1.2\jandex-3.1.2.jar;C:\Users\Mariel\.m2\repository\com\fasterxml\classmate\1.6.0\classmate-1.6.0.jar;C:\Users\Mariel\.m2\repository\net\bytebuddy\byte-buddy\1.14.12\byte-buddy-1.14.12.jar;C:\Users\Mariel\.m2\repository\org\glassfish\jaxb\jaxb-runtime\4.0.4\jaxb-runtime-4.0.4.jar;C:\Users\Mariel\.m2\repository\org\glassfish\jaxb\jaxb-core\4.0.4\jaxb-core-4.0.4.jar;C:\Users\Mariel\.m2\repository\org\eclipse\angus\angus-activation\2.0.1\angus-activation-2.0.1.jar;C:\Users\Mariel\.m2\repository\org\glassfish\jaxb\txw2\4.0.4\txw2-4.0.4.jar;C:\Users\Mariel\.m2\repository\com\sun\istack\istack-commons-runtime\4.1.2\istack-commons-runtime-4.1.2.jar;C:\Users\Mariel\.m2\repository\jakarta\inject\jakarta.inject-api\2.0.1\jakarta.inject-api-2.0.1.jar;C:\Users\Mariel\.m2\repository\org\antlr\antlr4-runtime\4.13.0\antlr4-runtime-4.13.0.jar;C:\Users\Mariel\.m2\repository\org\springframework\data\spring-data-jpa\3.2.3\spring-data-jpa-3.2.3.jar;C:\Users\Mariel\.m2\repository\org\springframework\data\spring-data-commons\3.2.3\spring-data-commons-3.2.3.jar;C:\Users\Mariel\.m2\repository\org\springframework\spring-orm\6.1.4\spring-orm-6.1.4.jar;C:\Users\Mariel\.m2\repository\org\springframework\spring-context\6.1.4\spring-context-6.1.4.jar;C:\Users\Mariel\.m2\repository\org\springframework\spring-tx\6.1.4\spring-tx-6.1.4.jar;C:\Users\Mariel\.m2\repository\org\springframework\spring-beans\6.1.4\spring-beans-6.1.4.jar;C:\Users\Mariel\.m2\repository\jakarta\annotation\jakarta.annotation-api\2.1.1\jakarta.annotation-api-2.1.1.jar;C:\Users\Mariel\.m2\repository\org\slf4j\slf4j-api\2.0.12\slf4j-api-2.0.12.jar;C:\Users\Mariel\.m2\repository\org\springframework\spring-aspects\6.1.4\spring-aspects-6.1.4.jar;C:\Users\Mariel\.m2\repository\org\springframework\boot\spring-boot-starter-security\3.2.3\spring-boot-starter-security-3.2.3.jar;C:\Users\Mariel\.m2\repository\org\springframework\boot\spring-boot-starter\3.2.3\spring-boot-starter-3.2.3.jar;C:\Users\Mariel\.m2\repository\org\springframework\boot\spring-boot-starter-logging\3.2.3\spring-boot-starter-logging-3.2.3.jar;C:\Users\Mariel\.m2\repository\ch\qos\logback\logback-classic\1.4.14\logback-classic-1.4.14.jar;C:\Users\Mariel\.m2\repository\ch\qos\logback\logback-core\1.4.14\logback-core-1.4.14.jar;C:\Users\Mariel\.m2\repository\org\apache\logging\log4j\log4j-to-slf4j\2.21.1\log4j-to-slf4j-2.21.1.jar;C:\Users\Mariel\.m2\repository\org\apache\logging\log4j\log4j-api\2.21.1\log4j-api-2.21.1.jar;C:\Users\Mariel\.m2\repository\org\slf4j\jul-to-slf4j\2.0.12\jul-to-slf4j-2.0.12.jar;C:\Users\Mariel\.m2\repository\org\yaml\snakeyaml\2.2\snakeyaml-2.2.jar;C:\Users\Mariel\.m2\repository\org\springframework\spring-aop\6.1.4\spring-aop-6.1.4.jar;C:\Users\Mariel\.m2\repository\org\springframework\security\spring-security-config\6.2.2\spring-security-config-6.2.2.jar;C:\Users\Mariel\.m2\repository\org\springframework\security\spring-security-web\6.2.2\spring-security-web-6.2.2.jar;C:\Users\Mariel\.m2\repository\org\springframework\spring-expression\6.1.4\spring-expression-6.1.4.jar;C:\Users\Mariel\.m2\repository\org\springframework\boot\spring-boot-starter-test\3.2.3\spring-boot-starter-test-3.2.3.jar;C:\Users\Mariel\.m2\repository\org\springframework\boot\spring-boot-test\3.2.3\spring-boot-test-3.2.3.jar;C:\Users\Mariel\.m2\repository\org\springframework\boot\spring-boot-test-autoconfigure\3.2.3\spring-boot-test-autoconfigure-3.2.3.jar;C:\Users\Mariel\.m2\repository\com\jayway\jsonpath\json-path\2.9.0\json-path-2.9.0.jar;C:\Users\Mariel\.m2\repository\jakarta\xml\bind\jakarta.xml.bind-api\4.0.1\jakarta.xml.bind-api-4.0.1.jar;C:\Users\Mariel\.m2\repository\jakarta\activation\jakarta.activation-api\2.1.2\jakarta.activation-api-2.1.2.jar;C:\Users\Mariel\.m2\repository\net\minidev\json-smart\2.5.0\json-smart-2.5.0.jar;C:\Users\Mariel\.m2\repository\net\minidev\accessors-smart\2.5.0\accessors-smart-2.5.0.jar;C:\Users\Mariel\.m2\repository\org\ow2\asm\asm\9.3\asm-9.3.jar;C:\Users\Mariel\.m2\repository\org\assertj\assertj-core\3.24.2\assertj-core-3.24.2.jar;C:\Users\Mariel\.m2\repository\org\awaitility\awaitility\4.2.0\awaitility-4.2.0.jar;C:\Users\Mariel\.m2\repository\org\hamcrest\hamcrest\2.2\hamcrest-2.2.jar;C:\Users\Mariel\.m2\repository\org\junit\jupiter\junit-jupiter\5.10.2\junit-jupiter-5.10.2.jar;C:\Users\Mariel\.m2\repository\org\junit\jupiter\junit-jupiter-api\5.10.2\junit-jupiter-api-5.10.2.jar;C:\Users\Mariel\.m2\repository\org\opentest4j\opentest4j\1.3.0\opentest4j-1.3.0.jar;C:\Users\Mariel\.m2\repository\org\junit\platform\junit-platform-commons\1.10.2\junit-platform-commons-1.10.2.jar;C:\Users\Mariel\.m2\repository\org\apiguardian\apiguardian-api\1.1.2\apiguardian-api-1.1.2.jar;C:\Users\Mariel\.m2\repository\org\junit\jupiter\junit-jupiter-params\5.10.2\junit-jupiter-params-5.10.2.jar;C:\Users\Mariel\.m2\repository\org\junit\jupiter\junit-jupiter-engine\5.10.2\junit-jupiter-engine-5.10.2.jar;C:\Users\Mariel\.m2\repository\org\junit\platform\junit-platform-engine\1.10.2\junit-platform-engine-1.10.2.jar;C:\Users\Mariel\.m2\repository\org\mockito\mockito-core\5.7.0\mockito-core-5.7.0.jar;C:\Users\Mariel\.m2\repository\net\bytebuddy\byte-buddy-agent\1.14.12\byte-buddy-agent-1.14.12.jar;C:\Users\Mariel\.m2\repository\org\objenesis\objenesis\3.3\objenesis-3.3.jar;C:\Users\Mariel\.m2\repository\org\mockito\mockito-junit-jupiter\5.7.0\mockito-junit-jupiter-5.7.0.jar;C:\Users\Mariel\.m2\repository\org\skyscreamer\jsonassert\1.5.1\jsonassert-1.5.1.jar;C:\Users\Mariel\.m2\repository\com\vaadin\external\google\android-json\0.0.20131108.vaadin1\android-json-0.0.20131108.vaadin1.jar;C:\Users\Mariel\.m2\repository\org\springframework\spring-core\6.1.4\spring-core-6.1.4.jar;C:\Users\Mariel\.m2\repository\org\springframework\spring-jcl\6.1.4\spring-jcl-6.1.4.jar;C:\Users\Mariel\.m2\repository\org\springframework\spring-test\6.1.4\spring-test-6.1.4.jar;C:\Users\Mariel\.m2\repository\org\xmlunit\xmlunit-core\2.9.1\xmlunit-core-2.9.1.jar;C:\Users\Mariel\.m2\repository\org\springframework\boot\spring-boot-starter-web\3.2.3\spring-boot-starter-web-3.2.3.jar;C:\Users\Mariel\.m2\repository\org\springframework\boot\spring-boot-starter-json\3.2.3\spring-boot-starter-json-3.2.3.jar;C:\Users\Mariel\.m2\repository\com\fasterxml\jackson\datatype\jackson-datatype-jdk8\2.15.4\jackson-datatype-jdk8-2.15.4.jar;C:\Users\Mariel\.m2\repository\com\fasterxml\jackson\datatype\jackson-datatype-jsr310\2.15.4\jackson-datatype-jsr310-2.15.4.jar;C:\Users\Mariel\.m2\repository\com\fasterxml\jackson\module\jackson-module-parameter-names\2.15.4\jackson-module-parameter-names-2.15.4.jar;C:\Users\Mariel\.m2\repository\org\springframework\boot\spring-boot-starter-tomcat\3.2.3\spring-boot-starter-tomcat-3.2.3.jar;C:\Users\Mariel\.m2\repository\org\apache\tomcat\embed\tomcat-embed-core\10.1.19\tomcat-embed-core-10.1.19.jar;C:\Users\Mariel\.m2\repository\org\apache\tomcat\embed\tomcat-embed-el\10.1.19\tomcat-embed-el-10.1.19.jar;C:\Users\Mariel\.m2\repository\org\apache\tomcat\embed\tomcat-embed-websocket\10.1.19\tomcat-embed-websocket-10.1.19.jar;C:\Users\Mariel\.m2\repository\org\springframework\spring-web\6.1.4\spring-web-6.1.4.jar;C:\Users\Mariel\.m2\repository\io\micrometer\micrometer-observation\1.12.3\micrometer-observation-1.12.3.jar;C:\Users\Mariel\.m2\repository\io\micrometer\micrometer-commons\1.12.3\micrometer-commons-1.12.3.jar;C:\Users\Mariel\.m2\repository\org\springframework\spring-webmvc\6.1.4\spring-webmvc-6.1.4.jar;C:\Users\Mariel\.m2\repository\org\modelmapper\modelmapper\3.2.0\modelmapper-3.2.0.jar;C:\Users\Mariel\.m2\repository\org\springframework\boot\spring-boot-devtools\3.2.3\spring-boot-devtools-3.2.3.jar;C:\Users\Mariel\.m2\repository\org\springframework\boot\spring-boot\3.2.3\spring-boot-3.2.3.jar;C:\Users\Mariel\.m2\repository\org\springframework\boot\spring-boot-autoconfigure\3.2.3\spring-boot-autoconfigure-3.2.3.jar;C:\Users\Mariel\.m2\repository\com\mysql\mysql-connector-j\8.0.33\mysql-connector-j-8.0.33.jar;C:\Users\Mariel\.m2\repository\org\projectlombok\lombok\1.18.30\lombok-1.18.30.jar;C:\Users\Mariel\.m2\repository\com\auth0\java-jwt\4.2.1\java-jwt-4.2.1.jar;C:\Users\Mariel\.m2\repository\com\fasterxml\jackson\core\jackson-databind\2.15.4\jackson-databind-2.15.4.jar;C:\Users\Mariel\.m2\repository\com\fasterxml\jackson\core\jackson-annotations\2.15.4\jackson-annotations-2.15.4.jar;C:\Users\Mariel\.m2\repository\com\fasterxml\jackson\core\jackson-core\2.15.4\jackson-core-2.15.4.jar;C:\Users\Mariel\.m2\repository\org\springframework\security\spring-security-test\6.2.2\spring-security-test-6.2.2.jar;C:\Users\Mariel\.m2\repository\org\springframework\security\spring-security-core\6.2.2\spring-security-core-6.2.2.jar;C:\Users\Mariel\.m2\repository\org\springframework\security\spring-security-crypto\6.2.2\spring-security-crypto-6.2.2.jar
Launcher Type: SUN_STANDARD

[Global flags]
     intx CICompilerCount                          = 3                                         {product} {ergonomic}
     uint ConcGCThreads                            = 1                                         {product} {ergonomic}
     uint G1ConcRefinementThreads                  = 4                                         {product} {ergonomic}
   size_t G1HeapRegionSize                         = 1048576                                   {product} {ergonomic}
    uintx GCDrainStackTargetSize                   = 64                                        {product} {ergonomic}
   size_t InitialHeapSize                          = 65011712                                  {product} {ergonomic}
   size_t MarkStackSize                            = 4194304                                   {product} {ergonomic}
   size_t MaxHeapSize                              = 1012924416                                {product} {ergonomic}
   size_t MaxNewSize                               = 607125504                                 {product} {ergonomic}
   size_t MinHeapDeltaBytes                        = 1048576                                   {product} {ergonomic}
   size_t MinHeapSize                              = 8388608                                   {product} {ergonomic}
    uintx NonNMethodCodeHeapSize                   = 5832780                                {pd product} {ergonomic}
    uintx NonProfiledCodeHeapSize                  = 122912730                              {pd product} {ergonomic}
    uintx ProfiledCodeHeapSize                     = 122912730                              {pd product} {ergonomic}
    uintx ReservedCodeCacheSize                    = 251658240                              {pd product} {ergonomic}
     bool SegmentedCodeCache                       = true                                      {product} {ergonomic}
   size_t SoftMaxHeapSize                          = 1012924416                             {manageable} {ergonomic}
     bool UseCompressedClassPointers               = true                           {product lp64_product} {ergonomic}
     bool UseCompressedOops                        = true                           {product lp64_product} {ergonomic}
     bool UseG1GC                                  = true                                      {product} {ergonomic}
     bool UseLargePagesIndividualAllocation        = false                                  {pd product} {ergonomic}

Logging:
Log output configuration:
 #0: stdout all=warning uptime,level,tags foldmultilines=false
 #1: stderr all=off uptime,level,tags foldmultilines=false

Environment Variables:
PATH=C:\Program Files\Common Files\Oracle\Java\javapath;C:\WINDOWS\system32;C:\WINDOWS;C:\WINDOWS\System32\Wbem;C:\WINDOWS\System32\WindowsPowerShell\v1.0\;C:\WINDOWS\System32\OpenSSH\;C:\Users\Mariel\eclipse;C:\Users\Mariel\eclipse\java-2022-12\eclipse;C:\Program Files\Java\jdk-17.0.5\bin;C:\Program Files\Dell\apache-maven-3.9.5\bin;C:\Program Files\nodejs;C:\Program Files\Git\cmd;C:\Program Files\Common Files\Oracle\Java\javapath;C:\WINDOWS\system32;C:\WINDOWS;C:\WINDOWS\System32\Wbem;C:\WINDOWS\System32\WindowsPowerShell\v1.0\;C:\WINDOWS\System32\OpenSSH\;C:\Users\Mariel\eclipse;C:\Users\Mariel\eclipse\java-2022-12\eclipse;C:\Program Files\Java\jdk-17.0.5\bin;C:\Program Files\Dell\apache-maven-3.9.5\bin;C:\Program Files\Git\cmd;C:\Program Files\MySQL\MySQL Shell 8.0\bin\;C:\Users\Mariel\AppData\Local\Microsoft\WindowsApps;C:\Program Files\Java\jdk-19\bin;C:\Users\Mariel\eclipse\java-2022-12\eclipse;C:\Users\Mariel\AppData\Local\Programs\Microsoft VS Code\bin;C:\Program Files\Git\bin;C:\Users\Mariel\AppData\Roaming\npm;C:\Program Files\MySQL\MySQL Server 8.0\bin;
USERNAME=Mariel
OS=Windows_NT
PROCESSOR_IDENTIFIER=Intel64 Family 6 Model 126 Stepping 5, GenuineIntel
TMP=C:\Users\Mariel\AppData\Local\Temp
TEMP=C:\Users\Mariel\AppData\Local\Temp



---------------  S Y S T E M  ---------------

OS:
 Windows 11 , 64 bit Build 22621 (10.0.22621.3235)
OS uptime: 0 days 16:34 hours

CPU: total 4 (initial active 4) (2 cores per cpu, 2 threads per core) family 6 model 126 stepping 5 microcode 0xc2, cx8, cmov, fxsr, ht, mmx, 3dnowpref, sse, sse2, sse3, ssse3, sse4.1, sse4.2, popcnt, lzcnt, tsc, tscinvbit, avx, avx2, aes, erms, clmul, bmi1, bmi2, adx, avx512f, avx512dq, avx512cd, avx512bw, avx512vl, sha, fma, vzeroupper, avx512_vpopcntdq, avx512_vpclmulqdq, avx512_vaes, avx512_vnni, clflush, clflushopt, avx512_vbmi2, avx512_vbmi, rdtscp, rdpid, fsrm, gfni, avx512_bitalg

Memory: 4k page, system-wide physical 3863M (147M free)
TotalPageFile size 15639M (AvailPageFile size 3M)
current process WorkingSet (physical memory assigned to process): 266M, peak: 269M
current process commit charge ("private bytes"): 395M, peak: 395M

vm_info: Java HotSpot(TM) 64-Bit Server VM (19.0.1+10-21) for windows-amd64 JRE (19.0.1+10-21), built on 2022-09-14T12:45:06Z by "mach5one" with MS VC++ 17.1 (VS2022)

END.
